2024-10-06 13:20:08,330 - ERROR - Hiba t√∂rt√©nt a ford√≠t√°s k√∂zben: 'Translator' object has no attribute 'raise_Exception'
2024-10-06 13:20:09,229 - ERROR - Hiba t√∂rt√©nt a ford√≠t√°s k√∂zben: 'Translator' object has no attribute 'raise_Exception'
2024-10-06 13:20:14,342 - ERROR - Hiba t√∂rt√©nt a ford√≠t√°s k√∂zben: 'Translator' object has no attribute 'raise_Exception'
2024-10-06 13:20:15,485 - ERROR - Hiba t√∂rt√©nt a ford√≠t√°s k√∂zben: 'Translator' object has no attribute 'raise_Exception'
2024-10-06 13:20:21,339 - ERROR - Hiba t√∂rt√©nt a ford√≠t√°s k√∂zben: 'Translator' object has no attribute 'raise_Exception'
2024-10-06 13:20:21,881 - ERROR - Hiba t√∂rt√©nt a ford√≠t√°s k√∂zben: 'Translator' object has no attribute 'raise_Exception'
2024-10-06 13:20:30,574 - ERROR - Hiba t√∂rt√©nt a ford√≠t√°s k√∂zben: 'Translator' object has no attribute 'raise_Exception'
2024-10-06 13:20:33,544 - ERROR - Hiba t√∂rt√©nt a ford√≠t√°s k√∂zben: 'Translator' object has no attribute 'raise_Exception'
2024-10-06 13:20:34,274 - ERROR - Hiba t√∂rt√©nt a ford√≠t√°s k√∂zben: 'Translator' object has no attribute 'raise_Exception'
2024-10-06 13:20:34,953 - ERROR - Hiba t√∂rt√©nt a ford√≠t√°s k√∂zben: 'Translator' object has no attribute 'raise_Exception'
2024-10-06 13:20:35,594 - ERROR - Hiba t√∂rt√©nt a ford√≠t√°s k√∂zben: 'Translator' object has no attribute 'raise_Exception'
2024-10-06 13:56:28,068 - ERROR - Hiba t√∂rt√©nt a ford√≠t√°s k√∂zben: 'Translator' object has no attribute 'raise_Exception'
2024-10-06 13:56:31,419 - ERROR - Hiba t√∂rt√©nt a ford√≠t√°s k√∂zben: 'Translator' object has no attribute 'raise_Exception'
2024-10-06 13:56:32,835 - ERROR - Hiba t√∂rt√©nt a ford√≠t√°s k√∂zben: 'Translator' object has no attribute 'raise_Exception'
2024-10-06 13:56:36,347 - ERROR - Hiba t√∂rt√©nt a ford√≠t√°s k√∂zben: 'Translator' object has no attribute 'raise_Exception'
2024-10-06 13:56:36,834 - ERROR - Hiba t√∂rt√©nt a ford√≠t√°s k√∂zben: 'Translator' object has no attribute 'raise_Exception'
2024-10-06 13:56:37,830 - ERROR - Hiba t√∂rt√©nt a ford√≠t√°s k√∂zben: 'Translator' object has no attribute 'raise_Exception'
2024-10-06 13:56:38,404 - ERROR - Hiba t√∂rt√©nt a ford√≠t√°s k√∂zben: 'Translator' object has no attribute 'raise_Exception'
2024-10-06 13:56:39,968 - ERROR - Hiba t√∂rt√©nt a ford√≠t√°s k√∂zben: 'Translator' object has no attribute 'raise_Exception'
2024-10-06 13:56:40,950 - ERROR - Hiba t√∂rt√©nt a ford√≠t√°s k√∂zben: 'Translator' object has no attribute 'raise_Exception'
2024-10-06 13:56:44,334 - ERROR - Hiba t√∂rt√©nt a ford√≠t√°s k√∂zben: 'Translator' object has no attribute 'raise_Exception'
2024-10-06 13:56:44,842 - ERROR - Hiba t√∂rt√©nt a ford√≠t√°s k√∂zben: 'Translator' object has no attribute 'raise_Exception'
2024-10-06 13:56:45,591 - ERROR - Hiba t√∂rt√©nt a ford√≠t√°s k√∂zben: 'Translator' object has no attribute 'raise_Exception'
2024-10-06 13:56:46,312 - ERROR - Hiba t√∂rt√©nt a ford√≠t√°s k√∂zben: 'Translator' object has no attribute 'raise_Exception'
2024-10-06 14:04:08,957 - ERROR - Hiba t√∂rt√©nt a ford√≠t√°s k√∂zben: 'Translator' object has no attribute 'raise_Exception'
2024-10-06 14:04:12,729 - ERROR - Hiba t√∂rt√©nt a ford√≠t√°s k√∂zben: 'Translator' object has no attribute 'raise_Exception'
2024-10-06 14:04:13,340 - ERROR - Hiba t√∂rt√©nt a ford√≠t√°s k√∂zben: 'Translator' object has no attribute 'raise_Exception'
2024-10-06 14:04:13,874 - ERROR - Hiba t√∂rt√©nt a ford√≠t√°s k√∂zben: 'Translator' object has no attribute 'raise_Exception'
2024-10-06 14:04:14,861 - ERROR - Hiba t√∂rt√©nt a ford√≠t√°s k√∂zben: 'Translator' object has no attribute 'raise_Exception'
2024-10-06 14:04:15,948 - ERROR - Hiba t√∂rt√©nt a ford√≠t√°s k√∂zben: 'Translator' object has no attribute 'raise_Exception'
2024-10-06 14:06:47,895 - ERROR - Hiba t√∂rt√©nt a feed bet√∂lt√©se k√∂zben: name 'feedparser' is not defined
2024-10-06 14:06:47,896 - ERROR - Hiba t√∂rt√©nt a feed bet√∂lt√©se k√∂zben: name 'feedparser' is not defined
2024-10-06 14:06:47,896 - ERROR - Hiba t√∂rt√©nt a feed bet√∂lt√©se k√∂zben: name 'feedparser' is not defined
2024-10-06 14:06:47,896 - ERROR - Hiba t√∂rt√©nt a feed bet√∂lt√©se k√∂zben: name 'feedparser' is not defined
2024-10-06 14:06:47,896 - ERROR - Hiba t√∂rt√©nt a feed bet√∂lt√©se k√∂zben: name 'feedparser' is not defined
2024-10-06 14:06:47,896 - ERROR - Hiba t√∂rt√©nt a feed bet√∂lt√©se k√∂zben: name 'feedparser' is not defined
2024-10-06 14:06:47,896 - ERROR - Hiba t√∂rt√©nt a feed bet√∂lt√©se k√∂zben: name 'feedparser' is not defined
2024-10-06 14:06:47,896 - ERROR - Hiba t√∂rt√©nt a feed bet√∂lt√©se k√∂zben: name 'feedparser' is not defined
2024-10-06 14:06:47,896 - ERROR - Hiba t√∂rt√©nt a feed bet√∂lt√©se k√∂zben: name 'feedparser' is not defined
2024-10-06 14:12:08,476 - ERROR - Hiba t√∂rt√©nt a feed bet√∂lt√©se k√∂zben: name 'feedparser' is not defined
2024-10-06 14:12:08,477 - ERROR - Hiba t√∂rt√©nt a feed bet√∂lt√©se k√∂zben: name 'feedparser' is not defined
2024-10-06 14:12:08,477 - ERROR - Hiba t√∂rt√©nt a feed bet√∂lt√©se k√∂zben: name 'feedparser' is not defined
2024-10-06 14:12:08,477 - ERROR - Hiba t√∂rt√©nt a feed bet√∂lt√©se k√∂zben: name 'feedparser' is not defined
2024-10-06 14:12:08,477 - ERROR - Hiba t√∂rt√©nt a feed bet√∂lt√©se k√∂zben: name 'feedparser' is not defined
2024-10-06 14:12:08,477 - ERROR - Hiba t√∂rt√©nt a feed bet√∂lt√©se k√∂zben: name 'feedparser' is not defined
2024-10-06 14:12:08,477 - ERROR - Hiba t√∂rt√©nt a feed bet√∂lt√©se k√∂zben: name 'feedparser' is not defined
2024-10-06 14:12:08,477 - ERROR - Hiba t√∂rt√©nt a feed bet√∂lt√©se k√∂zben: name 'feedparser' is not defined
2024-10-06 14:12:08,477 - ERROR - Hiba t√∂rt√©nt a feed bet√∂lt√©se k√∂zben: name 'feedparser' is not defined
2024-10-06 14:14:39,624 - ERROR - Hiba t√∂rt√©nt a feed bet√∂lt√©se k√∂zben: name 'feedparser' is not defined
2024-10-06 14:14:39,625 - ERROR - Hiba t√∂rt√©nt a feed bet√∂lt√©se k√∂zben: name 'feedparser' is not defined
2024-10-06 14:14:39,625 - ERROR - Hiba t√∂rt√©nt a feed bet√∂lt√©se k√∂zben: name 'feedparser' is not defined
2024-10-06 14:14:39,625 - ERROR - Hiba t√∂rt√©nt a feed bet√∂lt√©se k√∂zben: name 'feedparser' is not defined
2024-10-06 14:14:39,625 - ERROR - Hiba t√∂rt√©nt a feed bet√∂lt√©se k√∂zben: name 'feedparser' is not defined
2024-10-06 14:14:39,625 - ERROR - Hiba t√∂rt√©nt a feed bet√∂lt√©se k√∂zben: name 'feedparser' is not defined
2024-10-06 14:14:39,625 - ERROR - Hiba t√∂rt√©nt a feed bet√∂lt√©se k√∂zben: name 'feedparser' is not defined
2024-10-06 14:14:39,625 - ERROR - Hiba t√∂rt√©nt a feed bet√∂lt√©se k√∂zben: name 'feedparser' is not defined
2024-10-06 14:14:39,625 - ERROR - Hiba t√∂rt√©nt a feed bet√∂lt√©se k√∂zben: name 'feedparser' is not defined
2024-10-06 14:20:04,760 - INFO - [31m[1mWARNING: This is a development server. Do not use it in a production deployment. Use a production WSGI server instead.[0m
 * Running on http://127.0.0.1:5000
2024-10-06 14:20:04,761 - INFO - [33mPress CTRL+C to quit[0m
2024-10-06 14:20:04,762 - INFO -  * Restarting with stat
2024-10-06 14:20:16,548 - ERROR - Hiba t√∂rt√©nt a feed bet√∂lt√©se k√∂zben: name 'feedparser' is not defined
2024-10-06 14:20:16,548 - ERROR - Hiba t√∂rt√©nt a feed bet√∂lt√©se k√∂zben: name 'feedparser' is not defined
2024-10-06 14:20:16,548 - ERROR - Hiba t√∂rt√©nt a feed bet√∂lt√©se k√∂zben: name 'feedparser' is not defined
2024-10-06 14:20:16,548 - ERROR - Hiba t√∂rt√©nt a feed bet√∂lt√©se k√∂zben: name 'feedparser' is not defined
2024-10-06 14:20:16,548 - ERROR - Hiba t√∂rt√©nt a feed bet√∂lt√©se k√∂zben: name 'feedparser' is not defined
2024-10-06 14:20:16,548 - ERROR - Hiba t√∂rt√©nt a feed bet√∂lt√©se k√∂zben: name 'feedparser' is not defined
2024-10-06 14:20:16,548 - ERROR - Hiba t√∂rt√©nt a feed bet√∂lt√©se k√∂zben: name 'feedparser' is not defined
2024-10-06 14:20:16,548 - ERROR - Hiba t√∂rt√©nt a feed bet√∂lt√©se k√∂zben: name 'feedparser' is not defined
2024-10-06 14:20:16,548 - ERROR - Hiba t√∂rt√©nt a feed bet√∂lt√©se k√∂zben: name 'feedparser' is not defined
2024-10-06 14:25:51,898 - ERROR - Hiba t√∂rt√©nt a ford√≠t√°s k√∂zben: 'Translator' object has no attribute 'raise_Exception'
2024-10-06 14:25:53,238 - ERROR - Hiba t√∂rt√©nt a ford√≠t√°s k√∂zben: 'Translator' object has no attribute 'raise_Exception'
2024-10-06 14:25:54,021 - ERROR - Hiba t√∂rt√©nt a ford√≠t√°s k√∂zben: 'Translator' object has no attribute 'raise_Exception'
2024-10-06 14:25:58,788 - ERROR - Hiba t√∂rt√©nt a ford√≠t√°s k√∂zben: 'Translator' object has no attribute 'raise_Exception'
2024-10-06 14:26:00,548 - ERROR - Hiba t√∂rt√©nt a ford√≠t√°s k√∂zben: 'Translator' object has no attribute 'raise_Exception'
2024-10-06 14:26:01,217 - ERROR - Hiba t√∂rt√©nt a ford√≠t√°s k√∂zben: 'Translator' object has no attribute 'raise_Exception'
2024-10-06 14:26:02,575 - ERROR - Hiba t√∂rt√©nt a ford√≠t√°s k√∂zben: 'Translator' object has no attribute 'raise_Exception'
2024-10-06 14:26:02,636 - INFO - [31m[1mWARNING: This is a development server. Do not use it in a production deployment. Use a production WSGI server instead.[0m
 * Running on http://127.0.0.1:5000
2024-10-06 14:26:02,636 - INFO - [33mPress CTRL+C to quit[0m
2024-10-06 14:44:03,572 - ERROR - Hiba t√∂rt√©nt a keres√©s k√∂zben Romania eset√©n: HTTPSConnectionPool(host='www.google.com', port=443): Read timed out. (read timeout=5)
2024-10-06 14:44:25,287 - INFO - 127.0.0.1 - - [06/Oct/2024 14:44:25] "GET / HTTP/1.1" 200 -
2024-10-06 14:44:25,308 - INFO - 127.0.0.1 - - [06/Oct/2024 14:44:25] "GET /static/style.css HTTP/1.1" 200 -
2024-10-06 14:44:25,494 - INFO - 127.0.0.1 - - [06/Oct/2024 14:44:25] "[33mGET /favicon.ico HTTP/1.1[0m" 404 -
2024-10-06 14:45:38,628 - ERROR - Hiba t√∂rt√©nt a ford√≠t√°s k√∂zben: 'Translator' object has no attribute 'raise_Exception'
2024-10-06 14:45:40,933 - ERROR - Hiba t√∂rt√©nt a ford√≠t√°s k√∂zben: 'Translator' object has no attribute 'raise_Exception'
2024-10-06 14:45:43,676 - ERROR - Hiba t√∂rt√©nt a ford√≠t√°s k√∂zben: 'Translator' object has no attribute 'raise_Exception'
2024-10-06 14:45:44,597 - ERROR - Hiba t√∂rt√©nt a ford√≠t√°s k√∂zben: 'Translator' object has no attribute 'raise_Exception'
2024-10-06 14:45:47,874 - ERROR - Hiba t√∂rt√©nt a ford√≠t√°s k√∂zben: 'Translator' object has no attribute 'raise_Exception'
2024-10-06 14:45:48,494 - ERROR - Hiba t√∂rt√©nt a ford√≠t√°s k√∂zben: 'Translator' object has no attribute 'raise_Exception'
2024-10-06 14:45:49,534 - ERROR - Hiba t√∂rt√©nt a ford√≠t√°s k√∂zben: 'Translator' object has no attribute 'raise_Exception'
2024-10-06 14:45:50,636 - ERROR - Hiba t√∂rt√©nt a ford√≠t√°s k√∂zben: 'Translator' object has no attribute 'raise_Exception'
2024-10-06 14:45:51,092 - ERROR - Hiba t√∂rt√©nt a ford√≠t√°s k√∂zben: 'Translator' object has no attribute 'raise_Exception'
2024-10-06 14:45:51,630 - ERROR - Hiba t√∂rt√©nt a ford√≠t√°s k√∂zben: 'Translator' object has no attribute 'raise_Exception'
2024-10-06 14:45:52,313 - ERROR - Hiba t√∂rt√©nt a ford√≠t√°s k√∂zben: 'Translator' object has no attribute 'raise_Exception'
2024-10-06 14:45:55,979 - ERROR - Hiba t√∂rt√©nt a ford√≠t√°s k√∂zben: 'Translator' object has no attribute 'raise_Exception'
2024-10-06 14:54:00,466 - INFO - 127.0.0.1 - - [06/Oct/2024 14:54:00] "[33mGET /settings HTTP/1.1[0m" 404 -
2024-10-06 14:54:00,947 - INFO - 127.0.0.1 - - [06/Oct/2024 14:54:00] "[33mGET /settings HTTP/1.1[0m" 404 -
2024-10-06 15:19:57,777 - ERROR - Hiba t√∂rt√©nt a ford√≠t√°s k√∂zben: 'Translator' object has no attribute 'raise_Exception'
2024-10-06 15:20:07,644 - ERROR - Hiba t√∂rt√©nt a ford√≠t√°s k√∂zben: 'Translator' object has no attribute 'raise_Exception'
2024-10-06 15:20:09,861 - ERROR - Hiba t√∂rt√©nt a ford√≠t√°s k√∂zben: 'Translator' object has no attribute 'raise_Exception'
2024-10-06 15:20:10,564 - ERROR - Hiba t√∂rt√©nt a ford√≠t√°s k√∂zben: 'Translator' object has no attribute 'raise_Exception'
2024-10-06 15:20:11,621 - ERROR - Hiba t√∂rt√©nt a ford√≠t√°s k√∂zben: 'Translator' object has no attribute 'raise_Exception'
2024-10-06 15:20:12,499 - ERROR - Hiba t√∂rt√©nt a ford√≠t√°s k√∂zben: 'Translator' object has no attribute 'raise_Exception'
2024-10-06 15:20:13,116 - ERROR - Hiba t√∂rt√©nt a ford√≠t√°s k√∂zben: 'Translator' object has no attribute 'raise_Exception'
2024-10-06 15:35:22,368 - ERROR - Hiba t√∂rt√©nt a ford√≠t√°s k√∂zben: 'Translator' object has no attribute 'raise_Exception'
2024-10-06 15:35:25,368 - ERROR - Hiba t√∂rt√©nt a ford√≠t√°s k√∂zben: 'Translator' object has no attribute 'raise_Exception'
2024-10-06 15:35:25,831 - ERROR - Hiba t√∂rt√©nt a ford√≠t√°s k√∂zben: 'Translator' object has no attribute 'raise_Exception'
2024-10-06 15:35:26,341 - ERROR - Hiba t√∂rt√©nt a ford√≠t√°s k√∂zben: 'Translator' object has no attribute 'raise_Exception'
2024-10-06 15:35:27,066 - ERROR - Hiba t√∂rt√©nt a ford√≠t√°s k√∂zben: 'Translator' object has no attribute 'raise_Exception'
2024-10-06 15:37:32,818 - INFO - 127.0.0.1 - - [06/Oct/2024 15:37:32] "[35m[1mGET / HTTP/1.1[0m" 500 -
2024-10-06 15:37:32,832 - ERROR - Error on request:
Traceback (most recent call last):
  File "/Users/vkaleksa/PycharmProjects/InsightHub/.venv/lib/python3.12/site-packages/werkzeug/debug/__init__.py", line 342, in debug_application
    app_iter = self.app(environ, start_response)
               ^^^^^^^^^^^^^^^^^^^^^^^^^^^^^^^^^
  File "/Users/vkaleksa/PycharmProjects/InsightHub/.venv/lib/python3.12/site-packages/flask/app.py", line 1498, in __call__
    return self.wsgi_app(environ, start_response)
           ^^^^^^^^^^^^^^^^^^^^^^^^^^^^^^^^^^^^^^
  File "/Users/vkaleksa/PycharmProjects/InsightHub/.venv/lib/python3.12/site-packages/flask/app.py", line 1476, in wsgi_app
    response = self.handle_exception(e)
               ^^^^^^^^^^^^^^^^^^^^^^^^
  File "/Users/vkaleksa/PycharmProjects/InsightHub/.venv/lib/python3.12/site-packages/flask/app.py", line 1473, in wsgi_app
    response = self.full_dispatch_request()
               ^^^^^^^^^^^^^^^^^^^^^^^^^^^^
  File "/Users/vkaleksa/PycharmProjects/InsightHub/.venv/lib/python3.12/site-packages/flask/app.py", line 882, in full_dispatch_request
    rv = self.handle_user_exception(e)
         ^^^^^^^^^^^^^^^^^^^^^^^^^^^^^
  File "/Users/vkaleksa/PycharmProjects/InsightHub/.venv/lib/python3.12/site-packages/flask/app.py", line 880, in full_dispatch_request
    rv = self.dispatch_request()
         ^^^^^^^^^^^^^^^^^^^^^^^
  File "/Users/vkaleksa/PycharmProjects/InsightHub/.venv/lib/python3.12/site-packages/flask/app.py", line 865, in dispatch_request
    return self.ensure_sync(self.view_functions[rule.endpoint])(**view_args)  # type: ignore[no-any-return]
           ^^^^^^^^^^^^^^^^^^^^^^^^^^^^^^^^^^^^^^^^^^^^^^^^^^^^^^^^^^^^^^^^^^^^^^^^^^^^^^^^^^^^^^^^^^^^^^^^
  File "/Users/vkaleksa/PycharmProjects/InsightHub/app.py", line 174, in show_news
  File "/Users/vkaleksa/PycharmProjects/InsightHub/.venv/lib/python3.12/site-packages/flask/templating.py", line 150, in render_template
    return _render(app, template, context)
           ^^^^^^^^^^^^^^^^^^^^^^^^^^^^^^^
  File "/Users/vkaleksa/PycharmProjects/InsightHub/.venv/lib/python3.12/site-packages/flask/templating.py", line 131, in _render
    rv = template.render(context)
         ^^^^^^^^^^^^^^^^^^^^^^^^
  File "/Users/vkaleksa/PycharmProjects/InsightHub/.venv/lib/python3.12/site-packages/jinja2/environment.py", line 1304, in render
    self.environment.handle_exception()
  File "/Users/vkaleksa/PycharmProjects/InsightHub/.venv/lib/python3.12/site-packages/jinja2/environment.py", line 939, in handle_exception
    raise rewrite_traceback_stack(source=source)
  File "/Users/vkaleksa/PycharmProjects/InsightHub/templates/google_news.html", line 15, in top-level template code
    {% for country, _ in countries.items() %}
  File "/Users/vkaleksa/PycharmProjects/InsightHub/.venv/lib/python3.12/site-packages/jinja2/environment.py", line 487, in getattr
    return getattr(obj, attribute)
           ^^^^^^^^^^^^^^^^^^^^^^^
jinja2.exceptions.UndefinedError: 'countries' is undefined

During handling of the above exception, another exception occurred:

Traceback (most recent call last):
  File "/Users/vkaleksa/PycharmProjects/InsightHub/.venv/lib/python3.12/site-packages/werkzeug/serving.py", line 370, in run_wsgi
    execute(self.server.app)
  File "/Users/vkaleksa/PycharmProjects/InsightHub/.venv/lib/python3.12/site-packages/werkzeug/serving.py", line 333, in execute
    for data in application_iter:
  File "/Users/vkaleksa/PycharmProjects/InsightHub/.venv/lib/python3.12/site-packages/werkzeug/debug/__init__.py", line 357, in debug_application
    html = tb.render_debugger_html(
           ^^^^^^^^^^^^^^^^^^^^^^^^
  File "/Users/vkaleksa/PycharmProjects/InsightHub/.venv/lib/python3.12/site-packages/werkzeug/debug/tbtools.py", line 346, in render_debugger_html
    "summary": self.render_traceback_html(include_title=False),
               ^^^^^^^^^^^^^^^^^^^^^^^^^^^^^^^^^^^^^^^^^^^^^^^^
  File "/Users/vkaleksa/PycharmProjects/InsightHub/.venv/lib/python3.12/site-packages/werkzeug/debug/tbtools.py", line 295, in render_traceback_html
    row_parts.append(f"<li{info}>{frame.render_html(mark_library)}")
                                  ^^^^^^^^^^^^^^^^^^^^^^^^^^^^^^^^^^
  File "/Users/vkaleksa/PycharmProjects/InsightHub/.venv/lib/python3.12/site-packages/werkzeug/debug/tbtools.py", line 428, in render_html
    render_line(lines[line_idx], "current")
                ^^^^^^^^^^^^^^^^^^^^^^^^^^^
IndexError: list index out of range
2024-10-06 16:00:39,233 - INFO - 127.0.0.1 - - [06/Oct/2024 16:00:39] "[35m[1mGET / HTTP/1.1[0m" 500 -
2024-10-06 16:00:39,238 - ERROR - Error on request:
Traceback (most recent call last):
  File "/Users/vkaleksa/PycharmProjects/InsightHub/.venv/lib/python3.12/site-packages/werkzeug/debug/__init__.py", line 342, in debug_application
    app_iter = self.app(environ, start_response)
               ^^^^^^^^^^^^^^^^^^^^^^^^^^^^^^^^^
  File "/Users/vkaleksa/PycharmProjects/InsightHub/.venv/lib/python3.12/site-packages/flask/app.py", line 1498, in __call__
    return self.wsgi_app(environ, start_response)
           ^^^^^^^^^^^^^^^^^^^^^^^^^^^^^^^^^^^^^^
  File "/Users/vkaleksa/PycharmProjects/InsightHub/.venv/lib/python3.12/site-packages/flask/app.py", line 1476, in wsgi_app
    response = self.handle_exception(e)
               ^^^^^^^^^^^^^^^^^^^^^^^^
  File "/Users/vkaleksa/PycharmProjects/InsightHub/.venv/lib/python3.12/site-packages/flask/app.py", line 1473, in wsgi_app
    response = self.full_dispatch_request()
               ^^^^^^^^^^^^^^^^^^^^^^^^^^^^
  File "/Users/vkaleksa/PycharmProjects/InsightHub/.venv/lib/python3.12/site-packages/flask/app.py", line 882, in full_dispatch_request
    rv = self.handle_user_exception(e)
         ^^^^^^^^^^^^^^^^^^^^^^^^^^^^^
  File "/Users/vkaleksa/PycharmProjects/InsightHub/.venv/lib/python3.12/site-packages/flask/app.py", line 880, in full_dispatch_request
    rv = self.dispatch_request()
         ^^^^^^^^^^^^^^^^^^^^^^^
  File "/Users/vkaleksa/PycharmProjects/InsightHub/.venv/lib/python3.12/site-packages/flask/app.py", line 865, in dispatch_request
    return self.ensure_sync(self.view_functions[rule.endpoint])(**view_args)  # type: ignore[no-any-return]
           ^^^^^^^^^^^^^^^^^^^^^^^^^^^^^^^^^^^^^^^^^^^^^^^^^^^^^^^^^^^^^^^^^^^^^^^^^^^^^^^^^^^^^^^^^^^^^^^^
  File "/Users/vkaleksa/PycharmProjects/InsightHub/app.py", line 174, in show_news
  File "/Users/vkaleksa/PycharmProjects/InsightHub/.venv/lib/python3.12/site-packages/flask/templating.py", line 150, in render_template
    return _render(app, template, context)
           ^^^^^^^^^^^^^^^^^^^^^^^^^^^^^^^
  File "/Users/vkaleksa/PycharmProjects/InsightHub/.venv/lib/python3.12/site-packages/flask/templating.py", line 131, in _render
    rv = template.render(context)
         ^^^^^^^^^^^^^^^^^^^^^^^^
  File "/Users/vkaleksa/PycharmProjects/InsightHub/.venv/lib/python3.12/site-packages/jinja2/environment.py", line 1304, in render
    self.environment.handle_exception()
  File "/Users/vkaleksa/PycharmProjects/InsightHub/.venv/lib/python3.12/site-packages/jinja2/environment.py", line 939, in handle_exception
    raise rewrite_traceback_stack(source=source)
  File "/Users/vkaleksa/PycharmProjects/InsightHub/templates/google_news.html", line 15, in top-level template code
    {% for country, _ in countries.items() %}
  File "/Users/vkaleksa/PycharmProjects/InsightHub/.venv/lib/python3.12/site-packages/jinja2/environment.py", line 487, in getattr
    return getattr(obj, attribute)
           ^^^^^^^^^^^^^^^^^^^^^^^
jinja2.exceptions.UndefinedError: 'countries' is undefined

During handling of the above exception, another exception occurred:

Traceback (most recent call last):
  File "/Users/vkaleksa/PycharmProjects/InsightHub/.venv/lib/python3.12/site-packages/werkzeug/serving.py", line 370, in run_wsgi
    execute(self.server.app)
  File "/Users/vkaleksa/PycharmProjects/InsightHub/.venv/lib/python3.12/site-packages/werkzeug/serving.py", line 333, in execute
    for data in application_iter:
  File "/Users/vkaleksa/PycharmProjects/InsightHub/.venv/lib/python3.12/site-packages/werkzeug/debug/__init__.py", line 357, in debug_application
    html = tb.render_debugger_html(
           ^^^^^^^^^^^^^^^^^^^^^^^^
  File "/Users/vkaleksa/PycharmProjects/InsightHub/.venv/lib/python3.12/site-packages/werkzeug/debug/tbtools.py", line 346, in render_debugger_html
    "summary": self.render_traceback_html(include_title=False),
               ^^^^^^^^^^^^^^^^^^^^^^^^^^^^^^^^^^^^^^^^^^^^^^^^
  File "/Users/vkaleksa/PycharmProjects/InsightHub/.venv/lib/python3.12/site-packages/werkzeug/debug/tbtools.py", line 295, in render_traceback_html
    row_parts.append(f"<li{info}>{frame.render_html(mark_library)}")
                                  ^^^^^^^^^^^^^^^^^^^^^^^^^^^^^^^^^^
  File "/Users/vkaleksa/PycharmProjects/InsightHub/.venv/lib/python3.12/site-packages/werkzeug/debug/tbtools.py", line 428, in render_html
    render_line(lines[line_idx], "current")
                ^^^^^^^^^^^^^^^^^^^^^^^^^^^
IndexError: list index out of range
2024-10-06 16:00:49,479 - INFO - 127.0.0.1 - - [06/Oct/2024 16:00:49] "[35m[1mGET / HTTP/1.1[0m" 500 -
2024-10-06 16:00:49,482 - ERROR - Error on request:
Traceback (most recent call last):
  File "/Users/vkaleksa/PycharmProjects/InsightHub/.venv/lib/python3.12/site-packages/werkzeug/debug/__init__.py", line 342, in debug_application
    app_iter = self.app(environ, start_response)
               ^^^^^^^^^^^^^^^^^^^^^^^^^^^^^^^^^
  File "/Users/vkaleksa/PycharmProjects/InsightHub/.venv/lib/python3.12/site-packages/flask/app.py", line 1498, in __call__
    return self.wsgi_app(environ, start_response)
           ^^^^^^^^^^^^^^^^^^^^^^^^^^^^^^^^^^^^^^
  File "/Users/vkaleksa/PycharmProjects/InsightHub/.venv/lib/python3.12/site-packages/flask/app.py", line 1476, in wsgi_app
    response = self.handle_exception(e)
               ^^^^^^^^^^^^^^^^^^^^^^^^
  File "/Users/vkaleksa/PycharmProjects/InsightHub/.venv/lib/python3.12/site-packages/flask/app.py", line 1473, in wsgi_app
    response = self.full_dispatch_request()
               ^^^^^^^^^^^^^^^^^^^^^^^^^^^^
  File "/Users/vkaleksa/PycharmProjects/InsightHub/.venv/lib/python3.12/site-packages/flask/app.py", line 882, in full_dispatch_request
    rv = self.handle_user_exception(e)
         ^^^^^^^^^^^^^^^^^^^^^^^^^^^^^
  File "/Users/vkaleksa/PycharmProjects/InsightHub/.venv/lib/python3.12/site-packages/flask/app.py", line 880, in full_dispatch_request
    rv = self.dispatch_request()
         ^^^^^^^^^^^^^^^^^^^^^^^
  File "/Users/vkaleksa/PycharmProjects/InsightHub/.venv/lib/python3.12/site-packages/flask/app.py", line 865, in dispatch_request
    return self.ensure_sync(self.view_functions[rule.endpoint])(**view_args)  # type: ignore[no-any-return]
           ^^^^^^^^^^^^^^^^^^^^^^^^^^^^^^^^^^^^^^^^^^^^^^^^^^^^^^^^^^^^^^^^^^^^^^^^^^^^^^^^^^^^^^^^^^^^^^^^
  File "/Users/vkaleksa/PycharmProjects/InsightHub/app.py", line 174, in show_news
  File "/Users/vkaleksa/PycharmProjects/InsightHub/.venv/lib/python3.12/site-packages/flask/templating.py", line 150, in render_template
    return _render(app, template, context)
           ^^^^^^^^^^^^^^^^^^^^^^^^^^^^^^^
  File "/Users/vkaleksa/PycharmProjects/InsightHub/.venv/lib/python3.12/site-packages/flask/templating.py", line 131, in _render
    rv = template.render(context)
         ^^^^^^^^^^^^^^^^^^^^^^^^
  File "/Users/vkaleksa/PycharmProjects/InsightHub/.venv/lib/python3.12/site-packages/jinja2/environment.py", line 1304, in render
    self.environment.handle_exception()
  File "/Users/vkaleksa/PycharmProjects/InsightHub/.venv/lib/python3.12/site-packages/jinja2/environment.py", line 939, in handle_exception
    raise rewrite_traceback_stack(source=source)
  File "/Users/vkaleksa/PycharmProjects/InsightHub/templates/google_news.html", line 15, in top-level template code
    {% for country, _ in countries.items() %}
  File "/Users/vkaleksa/PycharmProjects/InsightHub/.venv/lib/python3.12/site-packages/jinja2/environment.py", line 487, in getattr
    return getattr(obj, attribute)
           ^^^^^^^^^^^^^^^^^^^^^^^
jinja2.exceptions.UndefinedError: 'countries' is undefined

During handling of the above exception, another exception occurred:

Traceback (most recent call last):
  File "/Users/vkaleksa/PycharmProjects/InsightHub/.venv/lib/python3.12/site-packages/werkzeug/serving.py", line 370, in run_wsgi
    execute(self.server.app)
  File "/Users/vkaleksa/PycharmProjects/InsightHub/.venv/lib/python3.12/site-packages/werkzeug/serving.py", line 333, in execute
    for data in application_iter:
  File "/Users/vkaleksa/PycharmProjects/InsightHub/.venv/lib/python3.12/site-packages/werkzeug/debug/__init__.py", line 357, in debug_application
    html = tb.render_debugger_html(
           ^^^^^^^^^^^^^^^^^^^^^^^^
  File "/Users/vkaleksa/PycharmProjects/InsightHub/.venv/lib/python3.12/site-packages/werkzeug/debug/tbtools.py", line 346, in render_debugger_html
    "summary": self.render_traceback_html(include_title=False),
               ^^^^^^^^^^^^^^^^^^^^^^^^^^^^^^^^^^^^^^^^^^^^^^^^
  File "/Users/vkaleksa/PycharmProjects/InsightHub/.venv/lib/python3.12/site-packages/werkzeug/debug/tbtools.py", line 295, in render_traceback_html
    row_parts.append(f"<li{info}>{frame.render_html(mark_library)}")
                                  ^^^^^^^^^^^^^^^^^^^^^^^^^^^^^^^^^^
  File "/Users/vkaleksa/PycharmProjects/InsightHub/.venv/lib/python3.12/site-packages/werkzeug/debug/tbtools.py", line 428, in render_html
    render_line(lines[line_idx], "current")
                ^^^^^^^^^^^^^^^^^^^^^^^^^^^
IndexError: list index out of range
2024-10-07 14:15:24,548 - INFO - 127.0.0.1 - - [07/Oct/2024 14:15:24] "[35m[1mGET / HTTP/1.1[0m" 500 -
2024-10-07 14:15:24,553 - ERROR - Error on request:
Traceback (most recent call last):
  File "/Users/vkaleksa/PycharmProjects/InsightHub/.venv/lib/python3.12/site-packages/werkzeug/debug/__init__.py", line 342, in debug_application
    app_iter = self.app(environ, start_response)
               ^^^^^^^^^^^^^^^^^^^^^^^^^^^^^^^^^
  File "/Users/vkaleksa/PycharmProjects/InsightHub/.venv/lib/python3.12/site-packages/flask/app.py", line 1498, in __call__
    return self.wsgi_app(environ, start_response)
           ^^^^^^^^^^^^^^^^^^^^^^^^^^^^^^^^^^^^^^
  File "/Users/vkaleksa/PycharmProjects/InsightHub/.venv/lib/python3.12/site-packages/flask/app.py", line 1476, in wsgi_app
    response = self.handle_exception(e)
               ^^^^^^^^^^^^^^^^^^^^^^^^
  File "/Users/vkaleksa/PycharmProjects/InsightHub/.venv/lib/python3.12/site-packages/flask/app.py", line 1473, in wsgi_app
    response = self.full_dispatch_request()
               ^^^^^^^^^^^^^^^^^^^^^^^^^^^^
  File "/Users/vkaleksa/PycharmProjects/InsightHub/.venv/lib/python3.12/site-packages/flask/app.py", line 882, in full_dispatch_request
    rv = self.handle_user_exception(e)
         ^^^^^^^^^^^^^^^^^^^^^^^^^^^^^
  File "/Users/vkaleksa/PycharmProjects/InsightHub/.venv/lib/python3.12/site-packages/flask/app.py", line 880, in full_dispatch_request
    rv = self.dispatch_request()
         ^^^^^^^^^^^^^^^^^^^^^^^
  File "/Users/vkaleksa/PycharmProjects/InsightHub/.venv/lib/python3.12/site-packages/flask/app.py", line 865, in dispatch_request
    return self.ensure_sync(self.view_functions[rule.endpoint])(**view_args)  # type: ignore[no-any-return]
           ^^^^^^^^^^^^^^^^^^^^^^^^^^^^^^^^^^^^^^^^^^^^^^^^^^^^^^^^^^^^^^^^^^^^^^^^^^^^^^^^^^^^^^^^^^^^^^^^
  File "/Users/vkaleksa/PycharmProjects/InsightHub/app.py", line 174, in show_news
  File "/Users/vkaleksa/PycharmProjects/InsightHub/.venv/lib/python3.12/site-packages/flask/templating.py", line 150, in render_template
    return _render(app, template, context)
           ^^^^^^^^^^^^^^^^^^^^^^^^^^^^^^^
  File "/Users/vkaleksa/PycharmProjects/InsightHub/.venv/lib/python3.12/site-packages/flask/templating.py", line 131, in _render
    rv = template.render(context)
         ^^^^^^^^^^^^^^^^^^^^^^^^
  File "/Users/vkaleksa/PycharmProjects/InsightHub/.venv/lib/python3.12/site-packages/jinja2/environment.py", line 1304, in render
    self.environment.handle_exception()
  File "/Users/vkaleksa/PycharmProjects/InsightHub/.venv/lib/python3.12/site-packages/jinja2/environment.py", line 939, in handle_exception
    raise rewrite_traceback_stack(source=source)
  File "/Users/vkaleksa/PycharmProjects/InsightHub/templates/google_news.html", line 15, in top-level template code
    {% for country, _ in countries.items() %}
  File "/Users/vkaleksa/PycharmProjects/InsightHub/.venv/lib/python3.12/site-packages/jinja2/environment.py", line 487, in getattr
    return getattr(obj, attribute)
           ^^^^^^^^^^^^^^^^^^^^^^^
jinja2.exceptions.UndefinedError: 'countries' is undefined

During handling of the above exception, another exception occurred:

Traceback (most recent call last):
  File "/Users/vkaleksa/PycharmProjects/InsightHub/.venv/lib/python3.12/site-packages/werkzeug/serving.py", line 370, in run_wsgi
    execute(self.server.app)
  File "/Users/vkaleksa/PycharmProjects/InsightHub/.venv/lib/python3.12/site-packages/werkzeug/serving.py", line 333, in execute
    for data in application_iter:
  File "/Users/vkaleksa/PycharmProjects/InsightHub/.venv/lib/python3.12/site-packages/werkzeug/debug/__init__.py", line 357, in debug_application
    html = tb.render_debugger_html(
           ^^^^^^^^^^^^^^^^^^^^^^^^
  File "/Users/vkaleksa/PycharmProjects/InsightHub/.venv/lib/python3.12/site-packages/werkzeug/debug/tbtools.py", line 346, in render_debugger_html
    "summary": self.render_traceback_html(include_title=False),
               ^^^^^^^^^^^^^^^^^^^^^^^^^^^^^^^^^^^^^^^^^^^^^^^^
  File "/Users/vkaleksa/PycharmProjects/InsightHub/.venv/lib/python3.12/site-packages/werkzeug/debug/tbtools.py", line 295, in render_traceback_html
    row_parts.append(f"<li{info}>{frame.render_html(mark_library)}")
                                  ^^^^^^^^^^^^^^^^^^^^^^^^^^^^^^^^^^
  File "/Users/vkaleksa/PycharmProjects/InsightHub/.venv/lib/python3.12/site-packages/werkzeug/debug/tbtools.py", line 428, in render_html
    render_line(lines[line_idx], "current")
                ^^^^^^^^^^^^^^^^^^^^^^^^^^^
IndexError: list index out of range
2024-10-07 14:15:31,553 - INFO - 127.0.0.1 - - [07/Oct/2024 14:15:31] "[35m[1mGET / HTTP/1.1[0m" 500 -
2024-10-07 14:15:31,556 - ERROR - Error on request:
Traceback (most recent call last):
  File "/Users/vkaleksa/PycharmProjects/InsightHub/.venv/lib/python3.12/site-packages/werkzeug/debug/__init__.py", line 342, in debug_application
    app_iter = self.app(environ, start_response)
               ^^^^^^^^^^^^^^^^^^^^^^^^^^^^^^^^^
  File "/Users/vkaleksa/PycharmProjects/InsightHub/.venv/lib/python3.12/site-packages/flask/app.py", line 1498, in __call__
    return self.wsgi_app(environ, start_response)
           ^^^^^^^^^^^^^^^^^^^^^^^^^^^^^^^^^^^^^^
  File "/Users/vkaleksa/PycharmProjects/InsightHub/.venv/lib/python3.12/site-packages/flask/app.py", line 1476, in wsgi_app
    response = self.handle_exception(e)
               ^^^^^^^^^^^^^^^^^^^^^^^^
  File "/Users/vkaleksa/PycharmProjects/InsightHub/.venv/lib/python3.12/site-packages/flask/app.py", line 1473, in wsgi_app
    response = self.full_dispatch_request()
               ^^^^^^^^^^^^^^^^^^^^^^^^^^^^
  File "/Users/vkaleksa/PycharmProjects/InsightHub/.venv/lib/python3.12/site-packages/flask/app.py", line 882, in full_dispatch_request
    rv = self.handle_user_exception(e)
         ^^^^^^^^^^^^^^^^^^^^^^^^^^^^^
  File "/Users/vkaleksa/PycharmProjects/InsightHub/.venv/lib/python3.12/site-packages/flask/app.py", line 880, in full_dispatch_request
    rv = self.dispatch_request()
         ^^^^^^^^^^^^^^^^^^^^^^^
  File "/Users/vkaleksa/PycharmProjects/InsightHub/.venv/lib/python3.12/site-packages/flask/app.py", line 865, in dispatch_request
    return self.ensure_sync(self.view_functions[rule.endpoint])(**view_args)  # type: ignore[no-any-return]
           ^^^^^^^^^^^^^^^^^^^^^^^^^^^^^^^^^^^^^^^^^^^^^^^^^^^^^^^^^^^^^^^^^^^^^^^^^^^^^^^^^^^^^^^^^^^^^^^^
  File "/Users/vkaleksa/PycharmProjects/InsightHub/app.py", line 174, in show_news
  File "/Users/vkaleksa/PycharmProjects/InsightHub/.venv/lib/python3.12/site-packages/flask/templating.py", line 150, in render_template
    return _render(app, template, context)
           ^^^^^^^^^^^^^^^^^^^^^^^^^^^^^^^
  File "/Users/vkaleksa/PycharmProjects/InsightHub/.venv/lib/python3.12/site-packages/flask/templating.py", line 131, in _render
    rv = template.render(context)
         ^^^^^^^^^^^^^^^^^^^^^^^^
  File "/Users/vkaleksa/PycharmProjects/InsightHub/.venv/lib/python3.12/site-packages/jinja2/environment.py", line 1304, in render
    self.environment.handle_exception()
  File "/Users/vkaleksa/PycharmProjects/InsightHub/.venv/lib/python3.12/site-packages/jinja2/environment.py", line 939, in handle_exception
    raise rewrite_traceback_stack(source=source)
  File "/Users/vkaleksa/PycharmProjects/InsightHub/templates/google_news.html", line 15, in top-level template code
    {% for country, _ in countries.items() %}
  File "/Users/vkaleksa/PycharmProjects/InsightHub/.venv/lib/python3.12/site-packages/jinja2/environment.py", line 487, in getattr
    return getattr(obj, attribute)
           ^^^^^^^^^^^^^^^^^^^^^^^
jinja2.exceptions.UndefinedError: 'countries' is undefined

During handling of the above exception, another exception occurred:

Traceback (most recent call last):
  File "/Users/vkaleksa/PycharmProjects/InsightHub/.venv/lib/python3.12/site-packages/werkzeug/serving.py", line 370, in run_wsgi
    execute(self.server.app)
  File "/Users/vkaleksa/PycharmProjects/InsightHub/.venv/lib/python3.12/site-packages/werkzeug/serving.py", line 333, in execute
    for data in application_iter:
  File "/Users/vkaleksa/PycharmProjects/InsightHub/.venv/lib/python3.12/site-packages/werkzeug/debug/__init__.py", line 357, in debug_application
    html = tb.render_debugger_html(
           ^^^^^^^^^^^^^^^^^^^^^^^^
  File "/Users/vkaleksa/PycharmProjects/InsightHub/.venv/lib/python3.12/site-packages/werkzeug/debug/tbtools.py", line 346, in render_debugger_html
    "summary": self.render_traceback_html(include_title=False),
               ^^^^^^^^^^^^^^^^^^^^^^^^^^^^^^^^^^^^^^^^^^^^^^^^
  File "/Users/vkaleksa/PycharmProjects/InsightHub/.venv/lib/python3.12/site-packages/werkzeug/debug/tbtools.py", line 295, in render_traceback_html
    row_parts.append(f"<li{info}>{frame.render_html(mark_library)}")
                                  ^^^^^^^^^^^^^^^^^^^^^^^^^^^^^^^^^^
  File "/Users/vkaleksa/PycharmProjects/InsightHub/.venv/lib/python3.12/site-packages/werkzeug/debug/tbtools.py", line 428, in render_html
    render_line(lines[line_idx], "current")
                ^^^^^^^^^^^^^^^^^^^^^^^^^^^
IndexError: list index out of range
2024-10-07 14:25:36,119 - ERROR - Hiba t√∂rt√©nt az adatb√°zis ment√©se k√∂zben: table news has no column named sentiment
2024-10-07 14:25:36,293 - ERROR - Hiba t√∂rt√©nt az adatb√°zis ment√©se k√∂zben: table news has no column named sentiment
2024-10-07 14:25:36,447 - ERROR - Hiba t√∂rt√©nt az adatb√°zis ment√©se k√∂zben: table news has no column named sentiment
2024-10-07 14:25:36,608 - ERROR - Hiba t√∂rt√©nt az adatb√°zis ment√©se k√∂zben: table news has no column named sentiment
2024-10-07 14:25:36,763 - ERROR - Hiba t√∂rt√©nt az adatb√°zis ment√©se k√∂zben: table news has no column named sentiment
2024-10-07 14:25:36,917 - ERROR - Hiba t√∂rt√©nt az adatb√°zis ment√©se k√∂zben: table news has no column named sentiment
2024-10-07 14:25:37,065 - ERROR - Hiba t√∂rt√©nt az adatb√°zis ment√©se k√∂zben: table news has no column named sentiment
2024-10-07 14:25:37,229 - ERROR - Hiba t√∂rt√©nt az adatb√°zis ment√©se k√∂zben: table news has no column named sentiment
2024-10-07 14:25:37,504 - ERROR - Hiba t√∂rt√©nt az adatb√°zis ment√©se k√∂zben: table news has no column named sentiment
2024-10-07 14:25:37,667 - ERROR - Hiba t√∂rt√©nt az adatb√°zis ment√©se k√∂zben: table news has no column named sentiment
2024-10-07 14:25:37,833 - ERROR - Hiba t√∂rt√©nt az adatb√°zis ment√©se k√∂zben: table news has no column named sentiment
2024-10-07 14:25:38,008 - ERROR - Hiba t√∂rt√©nt az adatb√°zis ment√©se k√∂zben: table news has no column named sentiment
2024-10-07 14:25:38,190 - ERROR - Hiba t√∂rt√©nt az adatb√°zis ment√©se k√∂zben: table news has no column named sentiment
2024-10-07 14:25:38,353 - ERROR - Hiba t√∂rt√©nt az adatb√°zis ment√©se k√∂zben: table news has no column named sentiment
2024-10-07 14:25:38,523 - ERROR - Hiba t√∂rt√©nt az adatb√°zis ment√©se k√∂zben: table news has no column named sentiment
2024-10-07 14:25:38,690 - ERROR - Hiba t√∂rt√©nt az adatb√°zis ment√©se k√∂zben: table news has no column named sentiment
2024-10-07 14:25:38,865 - ERROR - Hiba t√∂rt√©nt az adatb√°zis ment√©se k√∂zben: table news has no column named sentiment
2024-10-07 14:25:39,029 - ERROR - Hiba t√∂rt√©nt az adatb√°zis ment√©se k√∂zben: table news has no column named sentiment
2024-10-07 14:25:39,191 - ERROR - Hiba t√∂rt√©nt az adatb√°zis ment√©se k√∂zben: table news has no column named sentiment
2024-10-07 14:25:39,355 - ERROR - Hiba t√∂rt√©nt az adatb√°zis ment√©se k√∂zben: table news has no column named sentiment
2024-10-07 14:25:39,519 - ERROR - Hiba t√∂rt√©nt az adatb√°zis ment√©se k√∂zben: table news has no column named sentiment
2024-10-07 14:25:39,709 - ERROR - Hiba t√∂rt√©nt az adatb√°zis ment√©se k√∂zben: table news has no column named sentiment
2024-10-07 14:25:39,883 - ERROR - Hiba t√∂rt√©nt az adatb√°zis ment√©se k√∂zben: table news has no column named sentiment
2024-10-07 14:25:40,049 - ERROR - Hiba t√∂rt√©nt az adatb√°zis ment√©se k√∂zben: table news has no column named sentiment
2024-10-07 14:25:40,223 - ERROR - Hiba t√∂rt√©nt az adatb√°zis ment√©se k√∂zben: table news has no column named sentiment
2024-10-07 14:25:40,382 - ERROR - Hiba t√∂rt√©nt az adatb√°zis ment√©se k√∂zben: table news has no column named sentiment
2024-10-07 14:25:40,553 - ERROR - Hiba t√∂rt√©nt az adatb√°zis ment√©se k√∂zben: table news has no column named sentiment
2024-10-07 14:25:40,712 - ERROR - Hiba t√∂rt√©nt az adatb√°zis ment√©se k√∂zben: table news has no column named sentiment
2024-10-07 14:25:40,885 - ERROR - Hiba t√∂rt√©nt az adatb√°zis ment√©se k√∂zben: table news has no column named sentiment
2024-10-07 14:25:41,064 - ERROR - Hiba t√∂rt√©nt az adatb√°zis ment√©se k√∂zben: table news has no column named sentiment
2024-10-07 14:25:41,225 - ERROR - Hiba t√∂rt√©nt az adatb√°zis ment√©se k√∂zben: table news has no column named sentiment
2024-10-07 14:25:41,388 - ERROR - Hiba t√∂rt√©nt az adatb√°zis ment√©se k√∂zben: table news has no column named sentiment
2024-10-07 14:25:41,551 - ERROR - Hiba t√∂rt√©nt az adatb√°zis ment√©se k√∂zben: table news has no column named sentiment
2024-10-07 14:25:41,719 - ERROR - Hiba t√∂rt√©nt az adatb√°zis ment√©se k√∂zben: table news has no column named sentiment
2024-10-07 14:25:41,881 - ERROR - Hiba t√∂rt√©nt az adatb√°zis ment√©se k√∂zben: table news has no column named sentiment
2024-10-07 14:25:42,053 - ERROR - Hiba t√∂rt√©nt az adatb√°zis ment√©se k√∂zben: table news has no column named sentiment
2024-10-07 14:25:42,962 - ERROR - Hiba t√∂rt√©nt az adatb√°zis ment√©se k√∂zben: table news has no column named sentiment
2024-10-07 14:25:46,012 - ERROR - Hiba t√∂rt√©nt az adatb√°zis ment√©se k√∂zben: table news has no column named sentiment
2024-10-07 14:25:47,991 - ERROR - Hiba t√∂rt√©nt az adatb√°zis ment√©se k√∂zben: table news has no column named sentiment
2024-10-07 14:25:48,230 - ERROR - Hiba t√∂rt√©nt az adatb√°zis ment√©se k√∂zben: table news has no column named sentiment
2024-10-07 14:25:48,490 - ERROR - Hiba t√∂rt√©nt az adatb√°zis ment√©se k√∂zben: table news has no column named sentiment
2024-10-07 14:25:50,979 - ERROR - Hiba t√∂rt√©nt az adatb√°zis ment√©se k√∂zben: table news has no column named sentiment
2024-10-07 14:25:51,234 - ERROR - Hiba t√∂rt√©nt az adatb√°zis ment√©se k√∂zben: table news has no column named sentiment
2024-10-07 14:25:51,492 - ERROR - Hiba t√∂rt√©nt az adatb√°zis ment√©se k√∂zben: table news has no column named sentiment
2024-10-07 14:25:51,749 - ERROR - Hiba t√∂rt√©nt az adatb√°zis ment√©se k√∂zben: table news has no column named sentiment
2024-10-07 14:25:52,004 - ERROR - Hiba t√∂rt√©nt az adatb√°zis ment√©se k√∂zben: table news has no column named sentiment
2024-10-07 14:25:52,306 - ERROR - Hiba t√∂rt√©nt az adatb√°zis ment√©se k√∂zben: table news has no column named sentiment
2024-10-07 14:25:52,573 - ERROR - Hiba t√∂rt√©nt az adatb√°zis ment√©se k√∂zben: table news has no column named sentiment
2024-10-07 14:25:52,836 - ERROR - Hiba t√∂rt√©nt az adatb√°zis ment√©se k√∂zben: table news has no column named sentiment
2024-10-07 14:25:54,864 - ERROR - Hiba t√∂rt√©nt az adatb√°zis ment√©se k√∂zben: table news has no column named sentiment
2024-10-07 14:25:55,151 - ERROR - Hiba t√∂rt√©nt az adatb√°zis ment√©se k√∂zben: table news has no column named sentiment
2024-10-07 14:25:55,433 - ERROR - Hiba t√∂rt√©nt az adatb√°zis ment√©se k√∂zben: table news has no column named sentiment
2024-10-07 14:25:55,777 - ERROR - Hiba t√∂rt√©nt az adatb√°zis ment√©se k√∂zben: table news has no column named sentiment
2024-10-07 14:25:56,580 - ERROR - Hiba t√∂rt√©nt az adatb√°zis ment√©se k√∂zben: table news has no column named sentiment
2024-10-07 14:25:57,621 - ERROR - Hiba t√∂rt√©nt az adatb√°zis ment√©se k√∂zben: table news has no column named sentiment
2024-10-07 14:25:59,009 - ERROR - Hiba t√∂rt√©nt az adatb√°zis ment√©se k√∂zben: table news has no column named sentiment
2024-10-07 14:26:01,684 - ERROR - Hiba t√∂rt√©nt az adatb√°zis ment√©se k√∂zben: table news has no column named sentiment
2024-10-07 14:26:04,755 - ERROR - Hiba t√∂rt√©nt az adatb√°zis ment√©se k√∂zben: table news has no column named sentiment
2024-10-07 14:26:04,961 - ERROR - Hiba t√∂rt√©nt az adatb√°zis ment√©se k√∂zben: table news has no column named sentiment
2024-10-07 14:26:05,149 - ERROR - Hiba t√∂rt√©nt az adatb√°zis ment√©se k√∂zben: table news has no column named sentiment
2024-10-07 14:26:05,342 - ERROR - Hiba t√∂rt√©nt az adatb√°zis ment√©se k√∂zben: table news has no column named sentiment
2024-10-07 14:26:05,554 - ERROR - Hiba t√∂rt√©nt az adatb√°zis ment√©se k√∂zben: table news has no column named sentiment
2024-10-07 14:26:07,803 - ERROR - Hiba t√∂rt√©nt az adatb√°zis ment√©se k√∂zben: table news has no column named sentiment
2024-10-07 14:26:09,436 - ERROR - Hiba t√∂rt√©nt az adatb√°zis ment√©se k√∂zben: table news has no column named sentiment
2024-10-07 14:26:12,482 - ERROR - Hiba t√∂rt√©nt az adatb√°zis ment√©se k√∂zben: table news has no column named sentiment
2024-10-07 14:26:13,896 - ERROR - Hiba t√∂rt√©nt az adatb√°zis ment√©se k√∂zben: table news has no column named sentiment
2024-10-07 14:26:14,056 - ERROR - Hiba t√∂rt√©nt az adatb√°zis ment√©se k√∂zben: table news has no column named sentiment
2024-10-07 14:26:16,035 - ERROR - Hiba t√∂rt√©nt az adatb√°zis ment√©se k√∂zben: table news has no column named sentiment
2024-10-07 14:26:17,492 - ERROR - Hiba t√∂rt√©nt az adatb√°zis ment√©se k√∂zben: table news has no column named sentiment
2024-10-07 14:26:19,737 - ERROR - Hiba t√∂rt√©nt az adatb√°zis ment√©se k√∂zben: table news has no column named sentiment
2024-10-07 14:26:19,891 - ERROR - Hiba t√∂rt√©nt az adatb√°zis ment√©se k√∂zben: table news has no column named sentiment
2024-10-07 14:26:20,355 - ERROR - Hiba t√∂rt√©nt az adatb√°zis ment√©se k√∂zben: table news has no column named sentiment
2024-10-07 14:26:20,562 - ERROR - Hiba t√∂rt√©nt az adatb√°zis ment√©se k√∂zben: table news has no column named sentiment
2024-10-07 14:26:20,729 - ERROR - Hiba t√∂rt√©nt az adatb√°zis ment√©se k√∂zben: table news has no column named sentiment
2024-10-07 14:26:22,662 - ERROR - Hiba t√∂rt√©nt az adatb√°zis ment√©se k√∂zben: table news has no column named sentiment
2024-10-07 14:26:22,838 - ERROR - Hiba t√∂rt√©nt az adatb√°zis ment√©se k√∂zben: table news has no column named sentiment
2024-10-07 14:26:23,032 - ERROR - Hiba t√∂rt√©nt az adatb√°zis ment√©se k√∂zben: table news has no column named sentiment
2024-10-07 14:26:23,888 - ERROR - Hiba t√∂rt√©nt az adatb√°zis ment√©se k√∂zben: table news has no column named sentiment
2024-10-07 14:26:24,081 - ERROR - Hiba t√∂rt√©nt az adatb√°zis ment√©se k√∂zben: table news has no column named sentiment
2024-10-07 14:26:24,313 - ERROR - Hiba t√∂rt√©nt az adatb√°zis ment√©se k√∂zben: table news has no column named sentiment
2024-10-07 14:26:26,794 - ERROR - Hiba t√∂rt√©nt az adatb√°zis ment√©se k√∂zben: table news has no column named sentiment
2024-10-07 14:26:26,970 - ERROR - Hiba t√∂rt√©nt az adatb√°zis ment√©se k√∂zben: table news has no column named sentiment
2024-10-07 14:26:27,158 - ERROR - Hiba t√∂rt√©nt az adatb√°zis ment√©se k√∂zben: table news has no column named sentiment
2024-10-07 14:26:29,410 - ERROR - Hiba t√∂rt√©nt az adatb√°zis ment√©se k√∂zben: table news has no column named sentiment
2024-10-07 14:26:29,596 - ERROR - Hiba t√∂rt√©nt az adatb√°zis ment√©se k√∂zben: table news has no column named sentiment
2024-10-07 14:26:31,893 - ERROR - Hiba t√∂rt√©nt az adatb√°zis ment√©se k√∂zben: table news has no column named sentiment
2024-10-07 14:26:32,060 - ERROR - Hiba t√∂rt√©nt az adatb√°zis ment√©se k√∂zben: table news has no column named sentiment
2024-10-07 14:26:32,221 - ERROR - Hiba t√∂rt√©nt az adatb√°zis ment√©se k√∂zben: table news has no column named sentiment
2024-10-07 14:26:32,385 - ERROR - Hiba t√∂rt√©nt az adatb√°zis ment√©se k√∂zben: table news has no column named sentiment
2024-10-07 14:26:32,547 - ERROR - Hiba t√∂rt√©nt az adatb√°zis ment√©se k√∂zben: table news has no column named sentiment
2024-10-07 14:26:32,711 - ERROR - Hiba t√∂rt√©nt az adatb√°zis ment√©se k√∂zben: table news has no column named sentiment
2024-10-07 14:26:34,181 - ERROR - Hiba t√∂rt√©nt az adatb√°zis ment√©se k√∂zben: table news has no column named sentiment
2024-10-07 14:26:34,370 - ERROR - Hiba t√∂rt√©nt az adatb√°zis ment√©se k√∂zben: table news has no column named sentiment
2024-10-07 14:26:34,533 - ERROR - Hiba t√∂rt√©nt az adatb√°zis ment√©se k√∂zben: table news has no column named sentiment
2024-10-07 14:26:34,695 - ERROR - Hiba t√∂rt√©nt az adatb√°zis ment√©se k√∂zben: table news has no column named sentiment
2024-10-07 14:26:35,932 - ERROR - Hiba t√∂rt√©nt az adatb√°zis ment√©se k√∂zben: table news has no column named sentiment
2024-10-07 14:26:38,587 - ERROR - Hiba t√∂rt√©nt az adatb√°zis ment√©se k√∂zben: table news has no column named sentiment
2024-10-07 14:26:38,759 - ERROR - Hiba t√∂rt√©nt az adatb√°zis ment√©se k√∂zben: table news has no column named sentiment
2024-10-07 14:26:38,947 - ERROR - Hiba t√∂rt√©nt az adatb√°zis ment√©se k√∂zben: table news has no column named sentiment
2024-10-07 14:26:39,106 - ERROR - Hiba t√∂rt√©nt az adatb√°zis ment√©se k√∂zben: table news has no column named sentiment
2024-10-07 14:26:41,381 - ERROR - Hiba t√∂rt√©nt az adatb√°zis ment√©se k√∂zben: table news has no column named sentiment
2024-10-07 14:26:41,567 - ERROR - Hiba t√∂rt√©nt az adatb√°zis ment√©se k√∂zben: table news has no column named sentiment
2024-10-07 14:26:44,003 - ERROR - Hiba t√∂rt√©nt az adatb√°zis ment√©se k√∂zben: table news has no column named sentiment
2024-10-07 14:26:44,183 - ERROR - Hiba t√∂rt√©nt az adatb√°zis ment√©se k√∂zben: table news has no column named sentiment
2024-10-07 14:26:44,382 - ERROR - Hiba t√∂rt√©nt az adatb√°zis ment√©se k√∂zben: table news has no column named sentiment
2024-10-07 14:26:45,467 - ERROR - Hiba t√∂rt√©nt az adatb√°zis ment√©se k√∂zben: table news has no column named sentiment
2024-10-07 14:26:46,732 - ERROR - Hiba t√∂rt√©nt az adatb√°zis ment√©se k√∂zben: table news has no column named sentiment
2024-10-07 14:26:47,793 - ERROR - Hiba t√∂rt√©nt az adatb√°zis ment√©se k√∂zben: table news has no column named sentiment
2024-10-07 14:26:48,419 - ERROR - Hiba t√∂rt√©nt az adatb√°zis ment√©se k√∂zben: table news has no column named sentiment
2024-10-07 14:26:48,668 - ERROR - Hiba t√∂rt√©nt az adatb√°zis ment√©se k√∂zben: table news has no column named sentiment
2024-10-07 14:26:51,113 - ERROR - Hiba t√∂rt√©nt az adatb√°zis ment√©se k√∂zben: table news has no column named sentiment
2024-10-07 14:26:51,321 - ERROR - Hiba t√∂rt√©nt az adatb√°zis ment√©se k√∂zben: table news has no column named sentiment
2024-10-07 14:26:51,540 - ERROR - Hiba t√∂rt√©nt az adatb√°zis ment√©se k√∂zben: table news has no column named sentiment
2024-10-07 14:26:51,719 - ERROR - Hiba t√∂rt√©nt az adatb√°zis ment√©se k√∂zben: table news has no column named sentiment
2024-10-07 14:26:53,543 - ERROR - Hiba t√∂rt√©nt az adatb√°zis ment√©se k√∂zben: table news has no column named sentiment
2024-10-07 14:26:53,815 - ERROR - Hiba t√∂rt√©nt az adatb√°zis ment√©se k√∂zben: table news has no column named sentiment
2024-10-07 14:26:53,990 - ERROR - Hiba t√∂rt√©nt az adatb√°zis ment√©se k√∂zben: table news has no column named sentiment
2024-10-07 14:26:55,350 - ERROR - Hiba t√∂rt√©nt az adatb√°zis ment√©se k√∂zben: table news has no column named sentiment
2024-10-07 14:26:55,557 - ERROR - Hiba t√∂rt√©nt az adatb√°zis ment√©se k√∂zben: table news has no column named sentiment
2024-10-07 14:26:55,919 - ERROR - Hiba t√∂rt√©nt az adatb√°zis ment√©se k√∂zben: table news has no column named sentiment
2024-10-07 14:26:58,239 - ERROR - Hiba t√∂rt√©nt az adatb√°zis ment√©se k√∂zben: table news has no column named sentiment
2024-10-07 14:26:58,604 - ERROR - Hiba t√∂rt√©nt az adatb√°zis ment√©se k√∂zben: table news has no column named sentiment
2024-10-07 14:27:02,096 - ERROR - Hiba t√∂rt√©nt az adatb√°zis ment√©se k√∂zben: table news has no column named sentiment
2024-10-07 14:27:02,265 - ERROR - Hiba t√∂rt√©nt az adatb√°zis ment√©se k√∂zben: table news has no column named sentiment
2024-10-07 14:27:03,910 - ERROR - Hiba t√∂rt√©nt az adatb√°zis ment√©se k√∂zben: table news has no column named sentiment
2024-10-07 14:27:05,846 - ERROR - Hiba t√∂rt√©nt az adatb√°zis ment√©se k√∂zben: table news has no column named sentiment
2024-10-07 14:27:07,138 - ERROR - Hiba t√∂rt√©nt az adatb√°zis ment√©se k√∂zben: table news has no column named sentiment
2024-10-07 14:27:07,385 - ERROR - Hiba t√∂rt√©nt az adatb√°zis ment√©se k√∂zben: table news has no column named sentiment
2024-10-07 14:27:09,673 - ERROR - Hiba t√∂rt√©nt az adatb√°zis ment√©se k√∂zben: table news has no column named sentiment
2024-10-07 14:27:12,796 - ERROR - Hiba t√∂rt√©nt az adatb√°zis ment√©se k√∂zben: table news has no column named sentiment
2024-10-07 14:27:13,541 - ERROR - Hiba t√∂rt√©nt az adatb√°zis ment√©se k√∂zben: table news has no column named sentiment
2024-10-07 14:27:14,792 - ERROR - Hiba t√∂rt√©nt az adatb√°zis ment√©se k√∂zben: table news has no column named sentiment
2024-10-07 14:27:17,949 - ERROR - Hiba t√∂rt√©nt az adatb√°zis ment√©se k√∂zben: table news has no column named sentiment
2024-10-07 14:27:20,026 - ERROR - Hiba t√∂rt√©nt az adatb√°zis ment√©se k√∂zben: table news has no column named sentiment
2024-10-07 14:27:22,151 - ERROR - Hiba t√∂rt√©nt az adatb√°zis ment√©se k√∂zben: table news has no column named sentiment
2024-10-07 14:27:22,335 - ERROR - Hiba t√∂rt√©nt az adatb√°zis ment√©se k√∂zben: table news has no column named sentiment
2024-10-07 14:27:24,388 - ERROR - Hiba t√∂rt√©nt az adatb√°zis ment√©se k√∂zben: table news has no column named sentiment
2024-10-07 14:27:25,829 - ERROR - Hiba t√∂rt√©nt az adatb√°zis ment√©se k√∂zben: table news has no column named sentiment
2024-10-07 14:27:26,010 - ERROR - Hiba t√∂rt√©nt az adatb√°zis ment√©se k√∂zben: table news has no column named sentiment
2024-10-07 14:27:26,206 - ERROR - Hiba t√∂rt√©nt az adatb√°zis ment√©se k√∂zben: table news has no column named sentiment
2024-10-07 14:27:28,250 - ERROR - Hiba t√∂rt√©nt az adatb√°zis ment√©se k√∂zben: table news has no column named sentiment
2024-10-07 14:27:28,527 - ERROR - Hiba t√∂rt√©nt az adatb√°zis ment√©se k√∂zben: table news has no column named sentiment
2024-10-07 14:27:30,325 - ERROR - Hiba t√∂rt√©nt az adatb√°zis ment√©se k√∂zben: table news has no column named sentiment
2024-10-07 14:27:31,529 - ERROR - Hiba t√∂rt√©nt az adatb√°zis ment√©se k√∂zben: table news has no column named sentiment
2024-10-07 14:27:34,094 - ERROR - Hiba t√∂rt√©nt az adatb√°zis ment√©se k√∂zben: table news has no column named sentiment
2024-10-07 14:27:34,276 - ERROR - Hiba t√∂rt√©nt az adatb√°zis ment√©se k√∂zben: table news has no column named sentiment
2024-10-07 14:27:34,455 - ERROR - Hiba t√∂rt√©nt az adatb√°zis ment√©se k√∂zben: table news has no column named sentiment
2024-10-07 14:27:36,734 - ERROR - Hiba t√∂rt√©nt az adatb√°zis ment√©se k√∂zben: table news has no column named sentiment
2024-10-07 14:27:38,976 - ERROR - Hiba t√∂rt√©nt az adatb√°zis ment√©se k√∂zben: table news has no column named sentiment
2024-10-07 14:27:39,153 - ERROR - Hiba t√∂rt√©nt az adatb√°zis ment√©se k√∂zben: table news has no column named sentiment
2024-10-07 14:27:41,278 - ERROR - Hiba t√∂rt√©nt az adatb√°zis ment√©se k√∂zben: table news has no column named sentiment
2024-10-07 14:27:43,674 - ERROR - Hiba t√∂rt√©nt az adatb√°zis ment√©se k√∂zben: table news has no column named sentiment
2024-10-07 14:27:43,867 - ERROR - Hiba t√∂rt√©nt az adatb√°zis ment√©se k√∂zben: table news has no column named sentiment
2024-10-07 14:27:44,052 - ERROR - Hiba t√∂rt√©nt az adatb√°zis ment√©se k√∂zben: table news has no column named sentiment
2024-10-07 14:27:46,162 - ERROR - Hiba t√∂rt√©nt az adatb√°zis ment√©se k√∂zben: table news has no column named sentiment
2024-10-07 14:27:48,535 - ERROR - Hiba t√∂rt√©nt az adatb√°zis ment√©se k√∂zben: table news has no column named sentiment
2024-10-07 14:27:48,741 - ERROR - Hiba t√∂rt√©nt az adatb√°zis ment√©se k√∂zben: table news has no column named sentiment
2024-10-07 14:27:48,926 - ERROR - Hiba t√∂rt√©nt az adatb√°zis ment√©se k√∂zben: table news has no column named sentiment
2024-10-07 14:27:49,128 - ERROR - Hiba t√∂rt√©nt az adatb√°zis ment√©se k√∂zben: table news has no column named sentiment
2024-10-07 14:27:49,343 - ERROR - Hiba t√∂rt√©nt az adatb√°zis ment√©se k√∂zben: table news has no column named sentiment
2024-10-07 14:27:49,524 - ERROR - Hiba t√∂rt√©nt az adatb√°zis ment√©se k√∂zben: table news has no column named sentiment
2024-10-07 14:27:49,687 - ERROR - Hiba t√∂rt√©nt az adatb√°zis ment√©se k√∂zben: table news has no column named sentiment
2024-10-07 14:27:49,863 - ERROR - Hiba t√∂rt√©nt az adatb√°zis ment√©se k√∂zben: table news has no column named sentiment
2024-10-07 14:27:52,249 - ERROR - Hiba t√∂rt√©nt az adatb√°zis ment√©se k√∂zben: table news has no column named sentiment
2024-10-07 14:27:52,469 - ERROR - Hiba t√∂rt√©nt az adatb√°zis ment√©se k√∂zben: table news has no column named sentiment
2024-10-07 14:27:52,717 - ERROR - Hiba t√∂rt√©nt az adatb√°zis ment√©se k√∂zben: table news has no column named sentiment
2024-10-07 14:27:52,953 - ERROR - Hiba t√∂rt√©nt az adatb√°zis ment√©se k√∂zben: table news has no column named sentiment
2024-10-07 14:27:54,264 - ERROR - Hiba t√∂rt√©nt az adatb√°zis ment√©se k√∂zben: table news has no column named sentiment
2024-10-07 14:27:54,542 - ERROR - Hiba t√∂rt√©nt az adatb√°zis ment√©se k√∂zben: table news has no column named sentiment
2024-10-07 14:27:54,802 - ERROR - Hiba t√∂rt√©nt az adatb√°zis ment√©se k√∂zben: table news has no column named sentiment
2024-10-07 14:27:55,073 - ERROR - Hiba t√∂rt√©nt az adatb√°zis ment√©se k√∂zben: table news has no column named sentiment
2024-10-07 14:27:55,377 - ERROR - Hiba t√∂rt√©nt az adatb√°zis ment√©se k√∂zben: table news has no column named sentiment
2024-10-07 14:27:55,621 - ERROR - Hiba t√∂rt√©nt az adatb√°zis ment√©se k√∂zben: table news has no column named sentiment
2024-10-07 14:27:58,434 - ERROR - Hiba t√∂rt√©nt az adatb√°zis ment√©se k√∂zben: table news has no column named sentiment
2024-10-07 14:27:58,983 - ERROR - Hiba t√∂rt√©nt az adatb√°zis ment√©se k√∂zben: table news has no column named sentiment
2024-10-07 14:27:59,166 - ERROR - Hiba t√∂rt√©nt az adatb√°zis ment√©se k√∂zben: table news has no column named sentiment
2024-10-07 14:27:59,360 - ERROR - Hiba t√∂rt√©nt az adatb√°zis ment√©se k√∂zben: table news has no column named sentiment
2024-10-07 14:27:59,556 - ERROR - Hiba t√∂rt√©nt az adatb√°zis ment√©se k√∂zben: table news has no column named sentiment
2024-10-07 14:27:59,982 - ERROR - Hiba t√∂rt√©nt az adatb√°zis ment√©se k√∂zben: table news has no column named sentiment
2024-10-07 14:28:00,162 - ERROR - Hiba t√∂rt√©nt az adatb√°zis ment√©se k√∂zben: table news has no column named sentiment
2024-10-07 14:28:00,338 - ERROR - Hiba t√∂rt√©nt az adatb√°zis ment√©se k√∂zben: table news has no column named sentiment
2024-10-07 14:28:00,525 - ERROR - Hiba t√∂rt√©nt az adatb√°zis ment√©se k√∂zben: table news has no column named sentiment
2024-10-07 14:28:03,141 - ERROR - Hiba t√∂rt√©nt az adatb√°zis ment√©se k√∂zben: table news has no column named sentiment
2024-10-07 14:28:03,393 - ERROR - Hiba t√∂rt√©nt az adatb√°zis ment√©se k√∂zben: table news has no column named sentiment
2024-10-07 14:28:03,601 - ERROR - Hiba t√∂rt√©nt az adatb√°zis ment√©se k√∂zben: table news has no column named sentiment
2024-10-07 14:28:05,787 - ERROR - Hiba t√∂rt√©nt az adatb√°zis ment√©se k√∂zben: table news has no column named sentiment
2024-10-07 14:28:05,961 - ERROR - Hiba t√∂rt√©nt az adatb√°zis ment√©se k√∂zben: table news has no column named sentiment
2024-10-07 14:28:06,143 - ERROR - Hiba t√∂rt√©nt az adatb√°zis ment√©se k√∂zben: table news has no column named sentiment
2024-10-07 14:28:06,312 - ERROR - Hiba t√∂rt√©nt az adatb√°zis ment√©se k√∂zben: table news has no column named sentiment
2024-10-07 14:28:06,501 - ERROR - Hiba t√∂rt√©nt az adatb√°zis ment√©se k√∂zben: table news has no column named sentiment
2024-10-07 14:28:06,702 - ERROR - Hiba t√∂rt√©nt az adatb√°zis ment√©se k√∂zben: table news has no column named sentiment
2024-10-07 14:28:06,886 - ERROR - Hiba t√∂rt√©nt az adatb√°zis ment√©se k√∂zben: table news has no column named sentiment
2024-10-07 14:28:07,150 - ERROR - Hiba t√∂rt√©nt az adatb√°zis ment√©se k√∂zben: table news has no column named sentiment
2024-10-07 14:28:07,344 - ERROR - Hiba t√∂rt√©nt az adatb√°zis ment√©se k√∂zben: table news has no column named sentiment
2024-10-07 14:28:07,587 - ERROR - Hiba t√∂rt√©nt az adatb√°zis ment√©se k√∂zben: table news has no column named sentiment
2024-10-07 14:28:08,789 - ERROR - Hiba t√∂rt√©nt az adatb√°zis ment√©se k√∂zben: table news has no column named sentiment
2024-10-07 14:28:09,522 - ERROR - Hiba t√∂rt√©nt az adatb√°zis ment√©se k√∂zben: table news has no column named sentiment
2024-10-07 14:28:10,761 - ERROR - Hiba t√∂rt√©nt az adatb√°zis ment√©se k√∂zben: table news has no column named sentiment
2024-10-07 14:28:10,938 - ERROR - Hiba t√∂rt√©nt az adatb√°zis ment√©se k√∂zben: table news has no column named sentiment
2024-10-07 14:28:12,114 - ERROR - Hiba t√∂rt√©nt az adatb√°zis ment√©se k√∂zben: table news has no column named sentiment
2024-10-07 14:28:13,222 - ERROR - Hiba t√∂rt√©nt az adatb√°zis ment√©se k√∂zben: table news has no column named sentiment
2024-10-07 14:28:13,390 - ERROR - Hiba t√∂rt√©nt az adatb√°zis ment√©se k√∂zben: table news has no column named sentiment
2024-10-07 14:28:13,566 - ERROR - Hiba t√∂rt√©nt az adatb√°zis ment√©se k√∂zben: table news has no column named sentiment
2024-10-07 14:28:14,611 - ERROR - Hiba t√∂rt√©nt az adatb√°zis ment√©se k√∂zben: table news has no column named sentiment
2024-10-07 14:28:14,809 - ERROR - Hiba t√∂rt√©nt az adatb√°zis ment√©se k√∂zben: table news has no column named sentiment
2024-10-07 14:28:14,998 - ERROR - Hiba t√∂rt√©nt az adatb√°zis ment√©se k√∂zben: table news has no column named sentiment
2024-10-07 14:28:15,196 - ERROR - Hiba t√∂rt√©nt az adatb√°zis ment√©se k√∂zben: table news has no column named sentiment
2024-10-07 14:28:15,372 - ERROR - Hiba t√∂rt√©nt az adatb√°zis ment√©se k√∂zben: table news has no column named sentiment
2024-10-07 14:28:15,568 - ERROR - Hiba t√∂rt√©nt az adatb√°zis ment√©se k√∂zben: table news has no column named sentiment
2024-10-07 14:28:15,768 - ERROR - Hiba t√∂rt√©nt az adatb√°zis ment√©se k√∂zben: table news has no column named sentiment
2024-10-07 14:28:15,958 - ERROR - Hiba t√∂rt√©nt az adatb√°zis ment√©se k√∂zben: table news has no column named sentiment
2024-10-07 14:28:16,165 - ERROR - Hiba t√∂rt√©nt az adatb√°zis ment√©se k√∂zben: table news has no column named sentiment
2024-10-07 14:28:16,370 - ERROR - Hiba t√∂rt√©nt az adatb√°zis ment√©se k√∂zben: table news has no column named sentiment
2024-10-07 14:28:17,045 - ERROR - Hiba t√∂rt√©nt az adatb√°zis ment√©se k√∂zben: table news has no column named sentiment
2024-10-07 14:28:17,238 - ERROR - Hiba t√∂rt√©nt az adatb√°zis ment√©se k√∂zben: table news has no column named sentiment
2024-10-07 14:28:19,354 - ERROR - Hiba t√∂rt√©nt az adatb√°zis ment√©se k√∂zben: table news has no column named sentiment
2024-10-07 14:28:21,897 - ERROR - Hiba t√∂rt√©nt az adatb√°zis ment√©se k√∂zben: table news has no column named sentiment
2024-10-07 14:28:23,161 - INFO - [31m[1mWARNING: This is a development server. Do not use it in a production deployment. Use a production WSGI server instead.[0m
 * Running on http://127.0.0.1:5001
2024-10-07 14:28:23,162 - INFO - [33mPress CTRL+C to quit[0m
2024-10-07 14:32:18,959 - ERROR - Hiba t√∂rt√©nt az adatb√°zis ment√©se k√∂zben: table news has no column named sentiment
2024-10-07 14:32:19,097 - ERROR - Hiba t√∂rt√©nt az adatb√°zis ment√©se k√∂zben: table news has no column named sentiment
2024-10-07 14:32:19,257 - ERROR - Hiba t√∂rt√©nt az adatb√°zis ment√©se k√∂zben: table news has no column named sentiment
2024-10-07 14:32:19,425 - ERROR - Hiba t√∂rt√©nt az adatb√°zis ment√©se k√∂zben: table news has no column named sentiment
2024-10-07 14:32:19,576 - ERROR - Hiba t√∂rt√©nt az adatb√°zis ment√©se k√∂zben: table news has no column named sentiment
2024-10-07 14:32:19,740 - ERROR - Hiba t√∂rt√©nt az adatb√°zis ment√©se k√∂zben: table news has no column named sentiment
2024-10-07 14:32:19,893 - ERROR - Hiba t√∂rt√©nt az adatb√°zis ment√©se k√∂zben: table news has no column named sentiment
2024-10-07 14:32:20,045 - ERROR - Hiba t√∂rt√©nt az adatb√°zis ment√©se k√∂zben: table news has no column named sentiment
2024-10-07 14:32:20,207 - ERROR - Hiba t√∂rt√©nt az adatb√°zis ment√©se k√∂zben: table news has no column named sentiment
2024-10-07 14:32:20,380 - ERROR - Hiba t√∂rt√©nt az adatb√°zis ment√©se k√∂zben: table news has no column named sentiment
2024-10-07 14:32:20,551 - ERROR - Hiba t√∂rt√©nt az adatb√°zis ment√©se k√∂zben: table news has no column named sentiment
2024-10-07 14:32:20,717 - ERROR - Hiba t√∂rt√©nt az adatb√°zis ment√©se k√∂zben: table news has no column named sentiment
2024-10-07 14:32:20,908 - ERROR - Hiba t√∂rt√©nt az adatb√°zis ment√©se k√∂zben: table news has no column named sentiment
2024-10-07 14:32:21,071 - ERROR - Hiba t√∂rt√©nt az adatb√°zis ment√©se k√∂zben: table news has no column named sentiment
2024-10-07 14:32:21,261 - ERROR - Hiba t√∂rt√©nt az adatb√°zis ment√©se k√∂zben: table news has no column named sentiment
2024-10-07 14:32:21,457 - ERROR - Hiba t√∂rt√©nt az adatb√°zis ment√©se k√∂zben: table news has no column named sentiment
2024-10-07 14:32:21,618 - ERROR - Hiba t√∂rt√©nt az adatb√°zis ment√©se k√∂zben: table news has no column named sentiment
2024-10-07 14:32:21,782 - ERROR - Hiba t√∂rt√©nt az adatb√°zis ment√©se k√∂zben: table news has no column named sentiment
2024-10-07 14:32:21,952 - ERROR - Hiba t√∂rt√©nt az adatb√°zis ment√©se k√∂zben: table news has no column named sentiment
2024-10-07 14:32:22,119 - ERROR - Hiba t√∂rt√©nt az adatb√°zis ment√©se k√∂zben: table news has no column named sentiment
2024-10-07 14:32:22,293 - ERROR - Hiba t√∂rt√©nt az adatb√°zis ment√©se k√∂zben: table news has no column named sentiment
2024-10-07 14:32:22,496 - ERROR - Hiba t√∂rt√©nt az adatb√°zis ment√©se k√∂zben: table news has no column named sentiment
2024-10-07 14:32:22,663 - ERROR - Hiba t√∂rt√©nt az adatb√°zis ment√©se k√∂zben: table news has no column named sentiment
2024-10-07 14:32:22,839 - ERROR - Hiba t√∂rt√©nt az adatb√°zis ment√©se k√∂zben: table news has no column named sentiment
2024-10-07 14:32:23,007 - ERROR - Hiba t√∂rt√©nt az adatb√°zis ment√©se k√∂zben: table news has no column named sentiment
2024-10-07 14:32:23,189 - ERROR - Hiba t√∂rt√©nt az adatb√°zis ment√©se k√∂zben: table news has no column named sentiment
2024-10-07 14:32:23,389 - ERROR - Hiba t√∂rt√©nt az adatb√°zis ment√©se k√∂zben: table news has no column named sentiment
2024-10-07 14:32:23,565 - ERROR - Hiba t√∂rt√©nt az adatb√°zis ment√©se k√∂zben: table news has no column named sentiment
2024-10-07 14:32:23,736 - ERROR - Hiba t√∂rt√©nt az adatb√°zis ment√©se k√∂zben: table news has no column named sentiment
2024-10-07 14:32:23,905 - ERROR - Hiba t√∂rt√©nt az adatb√°zis ment√©se k√∂zben: table news has no column named sentiment
2024-10-07 14:32:24,096 - ERROR - Hiba t√∂rt√©nt az adatb√°zis ment√©se k√∂zben: table news has no column named sentiment
2024-10-07 14:32:24,263 - ERROR - Hiba t√∂rt√©nt az adatb√°zis ment√©se k√∂zben: table news has no column named sentiment
2024-10-07 14:32:24,433 - ERROR - Hiba t√∂rt√©nt az adatb√°zis ment√©se k√∂zben: table news has no column named sentiment
2024-10-07 14:32:24,595 - ERROR - Hiba t√∂rt√©nt az adatb√°zis ment√©se k√∂zben: table news has no column named sentiment
2024-10-07 14:32:24,765 - ERROR - Hiba t√∂rt√©nt az adatb√°zis ment√©se k√∂zben: table news has no column named sentiment
2024-10-07 14:32:24,929 - ERROR - Hiba t√∂rt√©nt az adatb√°zis ment√©se k√∂zben: table news has no column named sentiment
2024-10-07 14:32:28,094 - ERROR - Hiba t√∂rt√©nt az adatb√°zis ment√©se k√∂zben: table news has no column named sentiment
2024-10-07 14:32:28,426 - ERROR - Hiba t√∂rt√©nt az adatb√°zis ment√©se k√∂zben: table news has no column named sentiment
2024-10-07 14:32:30,396 - ERROR - Hiba t√∂rt√©nt az adatb√°zis ment√©se k√∂zben: table news has no column named sentiment
2024-10-07 14:32:31,682 - ERROR - Hiba t√∂rt√©nt az adatb√°zis ment√©se k√∂zben: table news has no column named sentiment
2024-10-07 14:32:31,883 - ERROR - Hiba t√∂rt√©nt az adatb√°zis ment√©se k√∂zben: table news has no column named sentiment
2024-10-07 14:32:32,144 - ERROR - Hiba t√∂rt√©nt az adatb√°zis ment√©se k√∂zben: table news has no column named sentiment
2024-10-07 14:32:34,377 - ERROR - Hiba t√∂rt√©nt az adatb√°zis ment√©se k√∂zben: table news has no column named sentiment
2024-10-07 14:32:34,670 - ERROR - Hiba t√∂rt√©nt az adatb√°zis ment√©se k√∂zben: table news has no column named sentiment
2024-10-07 14:32:34,924 - ERROR - Hiba t√∂rt√©nt az adatb√°zis ment√©se k√∂zben: table news has no column named sentiment
2024-10-07 14:32:35,202 - ERROR - Hiba t√∂rt√©nt az adatb√°zis ment√©se k√∂zben: table news has no column named sentiment
2024-10-07 14:32:35,461 - ERROR - Hiba t√∂rt√©nt az adatb√°zis ment√©se k√∂zben: table news has no column named sentiment
2024-10-07 14:32:35,755 - ERROR - Hiba t√∂rt√©nt az adatb√°zis ment√©se k√∂zben: table news has no column named sentiment
2024-10-07 14:32:37,918 - ERROR - Hiba t√∂rt√©nt az adatb√°zis ment√©se k√∂zben: table news has no column named sentiment
2024-10-07 14:32:38,194 - ERROR - Hiba t√∂rt√©nt az adatb√°zis ment√©se k√∂zben: table news has no column named sentiment
2024-10-07 14:32:40,511 - ERROR - Hiba t√∂rt√©nt az adatb√°zis ment√©se k√∂zben: table news has no column named sentiment
2024-10-07 14:32:40,769 - ERROR - Hiba t√∂rt√©nt az adatb√°zis ment√©se k√∂zben: table news has no column named sentiment
2024-10-07 14:32:41,029 - ERROR - Hiba t√∂rt√©nt az adatb√°zis ment√©se k√∂zben: table news has no column named sentiment
2024-10-07 14:32:43,329 - ERROR - Hiba t√∂rt√©nt az adatb√°zis ment√©se k√∂zben: table news has no column named sentiment
2024-10-07 14:32:44,781 - ERROR - Hiba t√∂rt√©nt az adatb√°zis ment√©se k√∂zben: table news has no column named sentiment
2024-10-07 14:32:45,019 - ERROR - Hiba t√∂rt√©nt az adatb√°zis ment√©se k√∂zben: table news has no column named sentiment
2024-10-07 14:32:46,772 - ERROR - Hiba t√∂rt√©nt az adatb√°zis ment√©se k√∂zben: table news has no column named sentiment
2024-10-07 14:32:46,995 - ERROR - Hiba t√∂rt√©nt az adatb√°zis ment√©se k√∂zben: table news has no column named sentiment
2024-10-07 14:32:47,184 - ERROR - Hiba t√∂rt√©nt az adatb√°zis ment√©se k√∂zben: table news has no column named sentiment
2024-10-07 14:32:49,429 - ERROR - Hiba t√∂rt√©nt az adatb√°zis ment√©se k√∂zben: table news has no column named sentiment
2024-10-07 14:32:51,656 - ERROR - Hiba t√∂rt√©nt az adatb√°zis ment√©se k√∂zben: table news has no column named sentiment
2024-10-07 14:32:51,834 - ERROR - Hiba t√∂rt√©nt az adatb√°zis ment√©se k√∂zben: table news has no column named sentiment
2024-10-07 14:32:52,006 - ERROR - Hiba t√∂rt√©nt az adatb√°zis ment√©se k√∂zben: table news has no column named sentiment
2024-10-07 14:32:52,159 - ERROR - Hiba t√∂rt√©nt az adatb√°zis ment√©se k√∂zben: table news has no column named sentiment
2024-10-07 14:32:52,359 - ERROR - Hiba t√∂rt√©nt az adatb√°zis ment√©se k√∂zben: table news has no column named sentiment
2024-10-07 14:32:54,292 - ERROR - Hiba t√∂rt√©nt az adatb√°zis ment√©se k√∂zben: table news has no column named sentiment
2024-10-07 14:32:56,331 - ERROR - Hiba t√∂rt√©nt az adatb√°zis ment√©se k√∂zben: table news has no column named sentiment
2024-10-07 14:32:56,529 - ERROR - Hiba t√∂rt√©nt az adatb√°zis ment√©se k√∂zben: table news has no column named sentiment
2024-10-07 14:32:56,699 - ERROR - Hiba t√∂rt√©nt az adatb√°zis ment√©se k√∂zben: table news has no column named sentiment
2024-10-07 14:32:56,880 - ERROR - Hiba t√∂rt√©nt az adatb√°zis ment√©se k√∂zben: table news has no column named sentiment
2024-10-07 14:32:57,081 - ERROR - Hiba t√∂rt√©nt az adatb√°zis ment√©se k√∂zben: table news has no column named sentiment
2024-10-07 14:32:58,646 - ERROR - Hiba t√∂rt√©nt az adatb√°zis ment√©se k√∂zben: table news has no column named sentiment
2024-10-07 14:33:00,074 - ERROR - Hiba t√∂rt√©nt az adatb√°zis ment√©se k√∂zben: table news has no column named sentiment
2024-10-07 14:33:00,578 - ERROR - Hiba t√∂rt√©nt az adatb√°zis ment√©se k√∂zben: table news has no column named sentiment
2024-10-07 14:33:03,199 - ERROR - Hiba t√∂rt√©nt az adatb√°zis ment√©se k√∂zben: table news has no column named sentiment
2024-10-07 14:33:05,085 - ERROR - Hiba t√∂rt√©nt az adatb√°zis ment√©se k√∂zben: table news has no column named sentiment
2024-10-07 14:33:05,667 - ERROR - Hiba t√∂rt√©nt az adatb√°zis ment√©se k√∂zben: table news has no column named sentiment
2024-10-07 14:33:08,565 - ERROR - Hiba t√∂rt√©nt az adatb√°zis ment√©se k√∂zben: table news has no column named sentiment
2024-10-07 14:33:08,950 - ERROR - Hiba t√∂rt√©nt az adatb√°zis ment√©se k√∂zben: table news has no column named sentiment
2024-10-07 14:33:09,163 - ERROR - Hiba t√∂rt√©nt az adatb√°zis ment√©se k√∂zben: table news has no column named sentiment
2024-10-07 14:33:11,531 - ERROR - Hiba t√∂rt√©nt az adatb√°zis ment√©se k√∂zben: table news has no column named sentiment
2024-10-07 14:33:11,814 - ERROR - Hiba t√∂rt√©nt az adatb√°zis ment√©se k√∂zben: table news has no column named sentiment
2024-10-07 14:33:12,123 - ERROR - Hiba t√∂rt√©nt az adatb√°zis ment√©se k√∂zben: table news has no column named sentiment
2024-10-07 14:33:12,450 - ERROR - Hiba t√∂rt√©nt az adatb√°zis ment√©se k√∂zben: table news has no column named sentiment
2024-10-07 14:33:13,009 - ERROR - Hiba t√∂rt√©nt az adatb√°zis ment√©se k√∂zben: table news has no column named sentiment
2024-10-07 14:33:13,281 - ERROR - Hiba t√∂rt√©nt az adatb√°zis ment√©se k√∂zben: table news has no column named sentiment
2024-10-07 14:33:13,717 - ERROR - Hiba t√∂rt√©nt az adatb√°zis ment√©se k√∂zben: table news has no column named sentiment
2024-10-07 14:33:13,917 - ERROR - Hiba t√∂rt√©nt az adatb√°zis ment√©se k√∂zben: table news has no column named sentiment
2024-10-07 14:33:16,828 - ERROR - Hiba t√∂rt√©nt az adatb√°zis ment√©se k√∂zben: table news has no column named sentiment
2024-10-07 14:33:17,030 - ERROR - Hiba t√∂rt√©nt az adatb√°zis ment√©se k√∂zben: table news has no column named sentiment
2024-10-07 14:33:17,247 - ERROR - Hiba t√∂rt√©nt az adatb√°zis ment√©se k√∂zben: table news has no column named sentiment
2024-10-07 14:33:17,447 - ERROR - Hiba t√∂rt√©nt az adatb√°zis ment√©se k√∂zben: table news has no column named sentiment
2024-10-07 14:33:19,656 - ERROR - Hiba t√∂rt√©nt az adatb√°zis ment√©se k√∂zben: table news has no column named sentiment
2024-10-07 14:33:19,965 - ERROR - Hiba t√∂rt√©nt az adatb√°zis ment√©se k√∂zben: table news has no column named sentiment
2024-10-07 14:33:20,924 - ERROR - Hiba t√∂rt√©nt az adatb√°zis ment√©se k√∂zben: table news has no column named sentiment
2024-10-07 14:33:22,238 - ERROR - Hiba t√∂rt√©nt az adatb√°zis ment√©se k√∂zben: table news has no column named sentiment
2024-10-07 14:33:22,480 - ERROR - Hiba t√∂rt√©nt az adatb√°zis ment√©se k√∂zben: table news has no column named sentiment
2024-10-07 14:33:22,690 - ERROR - Hiba t√∂rt√©nt az adatb√°zis ment√©se k√∂zben: table news has no column named sentiment
2024-10-07 14:33:25,016 - ERROR - Hiba t√∂rt√©nt az adatb√°zis ment√©se k√∂zben: table news has no column named sentiment
2024-10-07 14:33:27,448 - ERROR - Hiba t√∂rt√©nt az adatb√°zis ment√©se k√∂zben: table news has no column named sentiment
2024-10-07 14:33:27,685 - ERROR - Hiba t√∂rt√©nt az adatb√°zis ment√©se k√∂zben: table news has no column named sentiment
2024-10-07 14:33:28,014 - ERROR - Hiba t√∂rt√©nt az adatb√°zis ment√©se k√∂zben: table news has no column named sentiment
2024-10-07 14:33:28,208 - ERROR - Hiba t√∂rt√©nt az adatb√°zis ment√©se k√∂zben: table news has no column named sentiment
2024-10-07 14:33:30,189 - ERROR - Hiba t√∂rt√©nt az adatb√°zis ment√©se k√∂zben: table news has no column named sentiment
2024-10-07 14:33:30,372 - ERROR - Hiba t√∂rt√©nt az adatb√°zis ment√©se k√∂zben: table news has no column named sentiment
2024-10-07 14:33:32,772 - ERROR - Hiba t√∂rt√©nt az adatb√°zis ment√©se k√∂zben: table news has no column named sentiment
2024-10-07 14:33:34,777 - ERROR - Hiba t√∂rt√©nt az adatb√°zis ment√©se k√∂zben: table news has no column named sentiment
2024-10-07 14:33:34,986 - ERROR - Hiba t√∂rt√©nt az adatb√°zis ment√©se k√∂zben: table news has no column named sentiment
2024-10-07 14:33:35,178 - ERROR - Hiba t√∂rt√©nt az adatb√°zis ment√©se k√∂zben: table news has no column named sentiment
2024-10-07 14:33:35,380 - ERROR - Hiba t√∂rt√©nt az adatb√°zis ment√©se k√∂zben: table news has no column named sentiment
2024-10-07 14:33:35,577 - ERROR - Hiba t√∂rt√©nt az adatb√°zis ment√©se k√∂zben: table news has no column named sentiment
2024-10-07 14:33:37,123 - ERROR - Hiba t√∂rt√©nt az adatb√°zis ment√©se k√∂zben: table news has no column named sentiment
2024-10-07 14:33:37,335 - ERROR - Hiba t√∂rt√©nt az adatb√°zis ment√©se k√∂zben: table news has no column named sentiment
2024-10-07 14:33:39,715 - ERROR - Hiba t√∂rt√©nt az adatb√°zis ment√©se k√∂zben: table news has no column named sentiment
2024-10-07 14:33:42,287 - ERROR - Hiba t√∂rt√©nt az adatb√°zis ment√©se k√∂zben: table news has no column named sentiment
2024-10-07 14:33:43,562 - ERROR - Hiba t√∂rt√©nt az adatb√°zis ment√©se k√∂zben: table news has no column named sentiment
2024-10-07 14:33:43,755 - ERROR - Hiba t√∂rt√©nt az adatb√°zis ment√©se k√∂zben: table news has no column named sentiment
2024-10-07 14:33:43,936 - ERROR - Hiba t√∂rt√©nt az adatb√°zis ment√©se k√∂zben: table news has no column named sentiment
2024-10-07 14:33:44,126 - ERROR - Hiba t√∂rt√©nt az adatb√°zis ment√©se k√∂zben: table news has no column named sentiment
2024-10-07 14:33:44,313 - ERROR - Hiba t√∂rt√©nt az adatb√°zis ment√©se k√∂zben: table news has no column named sentiment
2024-10-07 14:33:45,673 - ERROR - Hiba t√∂rt√©nt az adatb√°zis ment√©se k√∂zben: table news has no column named sentiment
2024-10-07 14:33:45,873 - ERROR - Hiba t√∂rt√©nt az adatb√°zis ment√©se k√∂zben: table news has no column named sentiment
2024-10-07 14:33:46,055 - ERROR - Hiba t√∂rt√©nt az adatb√°zis ment√©se k√∂zben: table news has no column named sentiment
2024-10-07 14:33:46,296 - ERROR - Hiba t√∂rt√©nt az adatb√°zis ment√©se k√∂zben: table news has no column named sentiment
2024-10-07 14:33:46,511 - ERROR - Hiba t√∂rt√©nt az adatb√°zis ment√©se k√∂zben: table news has no column named sentiment
2024-10-07 14:33:46,700 - ERROR - Hiba t√∂rt√©nt az adatb√°zis ment√©se k√∂zben: table news has no column named sentiment
2024-10-07 14:33:46,902 - ERROR - Hiba t√∂rt√©nt az adatb√°zis ment√©se k√∂zben: table news has no column named sentiment
2024-10-07 14:33:47,089 - ERROR - Hiba t√∂rt√©nt az adatb√°zis ment√©se k√∂zben: table news has no column named sentiment
2024-10-07 14:33:47,277 - ERROR - Hiba t√∂rt√©nt az adatb√°zis ment√©se k√∂zben: table news has no column named sentiment
2024-10-07 14:33:47,471 - ERROR - Hiba t√∂rt√©nt az adatb√°zis ment√©se k√∂zben: table news has no column named sentiment
2024-10-07 14:33:47,666 - ERROR - Hiba t√∂rt√©nt az adatb√°zis ment√©se k√∂zben: table news has no column named sentiment
2024-10-07 14:33:47,877 - ERROR - Hiba t√∂rt√©nt az adatb√°zis ment√©se k√∂zben: table news has no column named sentiment
2024-10-07 14:33:50,129 - ERROR - Hiba t√∂rt√©nt az adatb√°zis ment√©se k√∂zben: table news has no column named sentiment
2024-10-07 14:33:53,352 - ERROR - Hiba t√∂rt√©nt az adatb√°zis ment√©se k√∂zben: table news has no column named sentiment
2024-10-07 14:33:53,555 - ERROR - Hiba t√∂rt√©nt az adatb√°zis ment√©se k√∂zben: table news has no column named sentiment
2024-10-07 14:33:53,730 - ERROR - Hiba t√∂rt√©nt az adatb√°zis ment√©se k√∂zben: table news has no column named sentiment
2024-10-07 14:33:53,907 - ERROR - Hiba t√∂rt√©nt az adatb√°zis ment√©se k√∂zben: table news has no column named sentiment
2024-10-07 14:33:55,912 - ERROR - Hiba t√∂rt√©nt az adatb√°zis ment√©se k√∂zben: table news has no column named sentiment
2024-10-07 14:33:56,087 - ERROR - Hiba t√∂rt√©nt az adatb√°zis ment√©se k√∂zben: table news has no column named sentiment
2024-10-07 14:33:56,265 - ERROR - Hiba t√∂rt√©nt az adatb√°zis ment√©se k√∂zben: table news has no column named sentiment
2024-10-07 14:33:56,459 - ERROR - Hiba t√∂rt√©nt az adatb√°zis ment√©se k√∂zben: table news has no column named sentiment
2024-10-07 14:33:56,639 - ERROR - Hiba t√∂rt√©nt az adatb√°zis ment√©se k√∂zben: table news has no column named sentiment
2024-10-07 14:33:56,802 - ERROR - Hiba t√∂rt√©nt az adatb√°zis ment√©se k√∂zben: table news has no column named sentiment
2024-10-07 14:33:59,100 - ERROR - Hiba t√∂rt√©nt az adatb√°zis ment√©se k√∂zben: table news has no column named sentiment
2024-10-07 14:33:59,309 - ERROR - Hiba t√∂rt√©nt az adatb√°zis ment√©se k√∂zben: table news has no column named sentiment
2024-10-07 14:33:59,489 - ERROR - Hiba t√∂rt√©nt az adatb√°zis ment√©se k√∂zben: table news has no column named sentiment
2024-10-07 14:33:59,663 - ERROR - Hiba t√∂rt√©nt az adatb√°zis ment√©se k√∂zben: table news has no column named sentiment
2024-10-07 14:34:01,904 - ERROR - Hiba t√∂rt√©nt az adatb√°zis ment√©se k√∂zben: table news has no column named sentiment
2024-10-07 14:34:03,273 - ERROR - Hiba t√∂rt√©nt az adatb√°zis ment√©se k√∂zben: table news has no column named sentiment
2024-10-07 14:34:03,478 - ERROR - Hiba t√∂rt√©nt az adatb√°zis ment√©se k√∂zben: table news has no column named sentiment
2024-10-07 14:34:04,142 - ERROR - Hiba t√∂rt√©nt az adatb√°zis ment√©se k√∂zben: table news has no column named sentiment
2024-10-07 14:34:04,341 - ERROR - Hiba t√∂rt√©nt az adatb√°zis ment√©se k√∂zben: table news has no column named sentiment
2024-10-07 14:34:04,652 - ERROR - Hiba t√∂rt√©nt az adatb√°zis ment√©se k√∂zben: table news has no column named sentiment
2024-10-07 14:34:04,856 - ERROR - Hiba t√∂rt√©nt az adatb√°zis ment√©se k√∂zben: table news has no column named sentiment
2024-10-07 14:34:05,055 - ERROR - Hiba t√∂rt√©nt az adatb√°zis ment√©se k√∂zben: table news has no column named sentiment
2024-10-07 14:34:05,252 - ERROR - Hiba t√∂rt√©nt az adatb√°zis ment√©se k√∂zben: table news has no column named sentiment
2024-10-07 14:34:05,464 - ERROR - Hiba t√∂rt√©nt az adatb√°zis ment√©se k√∂zben: table news has no column named sentiment
2024-10-07 14:34:05,644 - ERROR - Hiba t√∂rt√©nt az adatb√°zis ment√©se k√∂zben: table news has no column named sentiment
2024-10-07 14:34:05,823 - ERROR - Hiba t√∂rt√©nt az adatb√°zis ment√©se k√∂zben: table news has no column named sentiment
2024-10-07 14:34:06,053 - ERROR - Hiba t√∂rt√©nt az adatb√°zis ment√©se k√∂zben: table news has no column named sentiment
2024-10-07 14:34:06,244 - ERROR - Hiba t√∂rt√©nt az adatb√°zis ment√©se k√∂zben: table news has no column named sentiment
2024-10-07 14:34:06,428 - ERROR - Hiba t√∂rt√©nt az adatb√°zis ment√©se k√∂zben: table news has no column named sentiment
2024-10-07 14:34:06,628 - ERROR - Hiba t√∂rt√©nt az adatb√°zis ment√©se k√∂zben: table news has no column named sentiment
2024-10-07 14:34:06,823 - ERROR - Hiba t√∂rt√©nt az adatb√°zis ment√©se k√∂zben: table news has no column named sentiment
2024-10-07 14:34:07,970 - ERROR - Hiba t√∂rt√©nt az adatb√°zis ment√©se k√∂zben: table news has no column named sentiment
2024-10-07 14:34:08,208 - ERROR - Hiba t√∂rt√©nt az adatb√°zis ment√©se k√∂zben: table news has no column named sentiment
2024-10-07 14:34:08,635 - ERROR - Hiba t√∂rt√©nt az adatb√°zis ment√©se k√∂zben: table news has no column named sentiment
2024-10-07 14:34:09,114 - ERROR - Hiba t√∂rt√©nt az adatb√°zis ment√©se k√∂zben: table news has no column named sentiment
2024-10-07 14:34:09,353 - ERROR - Hiba t√∂rt√©nt az adatb√°zis ment√©se k√∂zben: table news has no column named sentiment
2024-10-07 14:34:09,588 - ERROR - Hiba t√∂rt√©nt az adatb√°zis ment√©se k√∂zben: table news has no column named sentiment
2024-10-07 14:34:09,897 - ERROR - Hiba t√∂rt√©nt az adatb√°zis ment√©se k√∂zben: table news has no column named sentiment
2024-10-07 14:34:10,101 - ERROR - Hiba t√∂rt√©nt az adatb√°zis ment√©se k√∂zben: table news has no column named sentiment
2024-10-07 14:34:10,300 - ERROR - Hiba t√∂rt√©nt az adatb√°zis ment√©se k√∂zben: table news has no column named sentiment
2024-10-07 14:34:13,232 - ERROR - Hiba t√∂rt√©nt az adatb√°zis ment√©se k√∂zben: table news has no column named sentiment
2024-10-07 14:34:13,432 - ERROR - Hiba t√∂rt√©nt az adatb√°zis ment√©se k√∂zben: table news has no column named sentiment
2024-10-07 14:34:13,675 - ERROR - Hiba t√∂rt√©nt az adatb√°zis ment√©se k√∂zben: table news has no column named sentiment
2024-10-07 14:34:14,038 - ERROR - Hiba t√∂rt√©nt az adatb√°zis ment√©se k√∂zben: table news has no column named sentiment
2024-10-07 14:34:14,280 - ERROR - Hiba t√∂rt√©nt az adatb√°zis ment√©se k√∂zben: table news has no column named sentiment
2024-10-07 14:34:14,569 - ERROR - Hiba t√∂rt√©nt az adatb√°zis ment√©se k√∂zben: table news has no column named sentiment
2024-10-07 14:34:14,861 - ERROR - Hiba t√∂rt√©nt az adatb√°zis ment√©se k√∂zben: table news has no column named sentiment
2024-10-07 14:34:15,057 - ERROR - Hiba t√∂rt√©nt az adatb√°zis ment√©se k√∂zben: table news has no column named sentiment
2024-10-07 14:34:15,271 - ERROR - Hiba t√∂rt√©nt az adatb√°zis ment√©se k√∂zben: table news has no column named sentiment
2024-10-07 14:34:15,499 - ERROR - Hiba t√∂rt√©nt az adatb√°zis ment√©se k√∂zben: table news has no column named sentiment
2024-10-07 14:34:15,712 - ERROR - Hiba t√∂rt√©nt az adatb√°zis ment√©se k√∂zben: table news has no column named sentiment
2024-10-07 14:34:17,964 - ERROR - Hiba t√∂rt√©nt az adatb√°zis ment√©se k√∂zben: table news has no column named sentiment
2024-10-07 14:34:18,232 - ERROR - Hiba t√∂rt√©nt az adatb√°zis ment√©se k√∂zben: table news has no column named sentiment
2024-10-07 14:34:18,383 - ERROR - Hiba t√∂rt√©nt az adatb√°zis ment√©se k√∂zben: table news has no column named sentiment
2024-10-07 14:34:18,560 - ERROR - Hiba t√∂rt√©nt az adatb√°zis ment√©se k√∂zben: table news has no column named sentiment
2024-10-07 14:34:18,693 - ERROR - Hiba t√∂rt√©nt az adatb√°zis ment√©se k√∂zben: table news has no column named sentiment
2024-10-07 14:34:18,905 - ERROR - Hiba t√∂rt√©nt az adatb√°zis ment√©se k√∂zben: table news has no column named sentiment
2024-10-07 14:34:19,039 - ERROR - Hiba t√∂rt√©nt az adatb√°zis ment√©se k√∂zben: table news has no column named sentiment
2024-10-07 14:34:19,254 - ERROR - Hiba t√∂rt√©nt az adatb√°zis ment√©se k√∂zben: table news has no column named sentiment
2024-10-07 14:34:19,469 - ERROR - Hiba t√∂rt√©nt az adatb√°zis ment√©se k√∂zben: table news has no column named sentiment
2024-10-07 14:34:19,635 - ERROR - Hiba t√∂rt√©nt az adatb√°zis ment√©se k√∂zben: table news has no column named sentiment
2024-10-07 14:34:19,848 - ERROR - Hiba t√∂rt√©nt az adatb√°zis ment√©se k√∂zben: table news has no column named sentiment
2024-10-07 14:34:20,224 - ERROR - Hiba t√∂rt√©nt az adatb√°zis ment√©se k√∂zben: table news has no column named sentiment
2024-10-07 14:34:20,415 - ERROR - Hiba t√∂rt√©nt az adatb√°zis ment√©se k√∂zben: table news has no column named sentiment
2024-10-07 14:34:20,631 - ERROR - Hiba t√∂rt√©nt az adatb√°zis ment√©se k√∂zben: table news has no column named sentiment
2024-10-07 14:34:20,854 - ERROR - Hiba t√∂rt√©nt az adatb√°zis ment√©se k√∂zben: table news has no column named sentiment
2024-10-07 14:34:21,083 - ERROR - Hiba t√∂rt√©nt az adatb√°zis ment√©se k√∂zben: table news has no column named sentiment
2024-10-07 14:34:21,294 - ERROR - Hiba t√∂rt√©nt az adatb√°zis ment√©se k√∂zben: table news has no column named sentiment
2024-10-07 14:34:21,512 - ERROR - Hiba t√∂rt√©nt az adatb√°zis ment√©se k√∂zben: table news has no column named sentiment
2024-10-07 14:34:21,703 - ERROR - Hiba t√∂rt√©nt az adatb√°zis ment√©se k√∂zben: table news has no column named sentiment
2024-10-07 14:34:21,855 - ERROR - Hiba t√∂rt√©nt az adatb√°zis ment√©se k√∂zben: table news has no column named sentiment
2024-10-07 14:34:22,017 - ERROR - Hiba t√∂rt√©nt az adatb√°zis ment√©se k√∂zben: table news has no column named sentiment
2024-10-07 14:34:22,160 - ERROR - Hiba t√∂rt√©nt az adatb√°zis ment√©se k√∂zben: table news has no column named sentiment
2024-10-07 14:34:22,367 - ERROR - Hiba t√∂rt√©nt az adatb√°zis ment√©se k√∂zben: table news has no column named sentiment
2024-10-07 14:34:22,532 - ERROR - Hiba t√∂rt√©nt az adatb√°zis ment√©se k√∂zben: table news has no column named sentiment
2024-10-07 14:34:22,719 - ERROR - Hiba t√∂rt√©nt az adatb√°zis ment√©se k√∂zben: table news has no column named sentiment
2024-10-07 14:34:22,877 - ERROR - Hiba t√∂rt√©nt az adatb√°zis ment√©se k√∂zben: table news has no column named sentiment
2024-10-07 14:34:23,071 - ERROR - Hiba t√∂rt√©nt az adatb√°zis ment√©se k√∂zben: table news has no column named sentiment
2024-10-07 14:34:23,213 - ERROR - Hiba t√∂rt√©nt az adatb√°zis ment√©se k√∂zben: table news has no column named sentiment
2024-10-07 14:34:23,355 - ERROR - Hiba t√∂rt√©nt az adatb√°zis ment√©se k√∂zben: table news has no column named sentiment
2024-10-07 14:34:23,518 - ERROR - Hiba t√∂rt√©nt az adatb√°zis ment√©se k√∂zben: table news has no column named sentiment
2024-10-07 14:34:23,666 - ERROR - Hiba t√∂rt√©nt az adatb√°zis ment√©se k√∂zben: table news has no column named sentiment
2024-10-07 14:34:23,807 - ERROR - Hiba t√∂rt√©nt az adatb√°zis ment√©se k√∂zben: table news has no column named sentiment
2024-10-07 14:34:23,955 - ERROR - Hiba t√∂rt√©nt az adatb√°zis ment√©se k√∂zben: table news has no column named sentiment
2024-10-07 14:34:24,125 - ERROR - Hiba t√∂rt√©nt az adatb√°zis ment√©se k√∂zben: table news has no column named sentiment
2024-10-07 14:34:26,406 - ERROR - Hiba t√∂rt√©nt az adatb√°zis ment√©se k√∂zben: table news has no column named sentiment
2024-10-07 14:34:27,670 - INFO - [31m[1mWARNING: This is a development server. Do not use it in a production deployment. Use a production WSGI server instead.[0m
 * Running on http://127.0.0.1:5001
2024-10-07 14:34:27,670 - INFO - [33mPress CTRL+C to quit[0m
2024-10-07 14:42:19,117 - ERROR - Hiba t√∂rt√©nt az adatb√°zis ment√©se k√∂zben: table news has no column named sentiment
2024-10-07 14:42:19,148 - ERROR - Hiba t√∂rt√©nt az adatb√°zis ment√©se k√∂zben: table news has no column named sentiment
2024-10-07 14:42:19,181 - ERROR - Hiba t√∂rt√©nt az adatb√°zis ment√©se k√∂zben: table news has no column named sentiment
2024-10-07 14:42:19,218 - ERROR - Hiba t√∂rt√©nt az adatb√°zis ment√©se k√∂zben: table news has no column named sentiment
2024-10-07 14:42:19,258 - ERROR - Hiba t√∂rt√©nt az adatb√°zis ment√©se k√∂zben: table news has no column named sentiment
2024-10-07 14:42:19,290 - ERROR - Hiba t√∂rt√©nt az adatb√°zis ment√©se k√∂zben: table news has no column named sentiment
2024-10-07 14:42:19,321 - ERROR - Hiba t√∂rt√©nt az adatb√°zis ment√©se k√∂zben: table news has no column named sentiment
2024-10-07 14:42:19,352 - ERROR - Hiba t√∂rt√©nt az adatb√°zis ment√©se k√∂zben: table news has no column named sentiment
2024-10-07 14:42:19,383 - ERROR - Hiba t√∂rt√©nt az adatb√°zis ment√©se k√∂zben: table news has no column named sentiment
2024-10-07 14:42:19,416 - ERROR - Hiba t√∂rt√©nt az adatb√°zis ment√©se k√∂zben: table news has no column named sentiment
2024-10-07 14:42:19,447 - ERROR - Hiba t√∂rt√©nt az adatb√°zis ment√©se k√∂zben: table news has no column named sentiment
2024-10-07 14:42:19,479 - ERROR - Hiba t√∂rt√©nt az adatb√°zis ment√©se k√∂zben: table news has no column named sentiment
2024-10-07 14:42:19,512 - ERROR - Hiba t√∂rt√©nt az adatb√°zis ment√©se k√∂zben: table news has no column named sentiment
2024-10-07 14:42:19,544 - ERROR - Hiba t√∂rt√©nt az adatb√°zis ment√©se k√∂zben: table news has no column named sentiment
2024-10-07 14:42:19,577 - ERROR - Hiba t√∂rt√©nt az adatb√°zis ment√©se k√∂zben: table news has no column named sentiment
2024-10-07 14:42:19,610 - ERROR - Hiba t√∂rt√©nt az adatb√°zis ment√©se k√∂zben: table news has no column named sentiment
2024-10-07 14:42:19,643 - ERROR - Hiba t√∂rt√©nt az adatb√°zis ment√©se k√∂zben: table news has no column named sentiment
2024-10-07 14:42:19,674 - ERROR - Hiba t√∂rt√©nt az adatb√°zis ment√©se k√∂zben: table news has no column named sentiment
2024-10-07 14:42:19,705 - ERROR - Hiba t√∂rt√©nt az adatb√°zis ment√©se k√∂zben: table news has no column named sentiment
2024-10-07 14:42:19,739 - ERROR - Hiba t√∂rt√©nt az adatb√°zis ment√©se k√∂zben: table news has no column named sentiment
2024-10-07 14:42:19,770 - ERROR - Hiba t√∂rt√©nt az adatb√°zis ment√©se k√∂zben: table news has no column named sentiment
2024-10-07 14:42:19,802 - ERROR - Hiba t√∂rt√©nt az adatb√°zis ment√©se k√∂zben: table news has no column named sentiment
2024-10-07 14:42:19,833 - ERROR - Hiba t√∂rt√©nt az adatb√°zis ment√©se k√∂zben: table news has no column named sentiment
2024-10-07 14:42:19,864 - ERROR - Hiba t√∂rt√©nt az adatb√°zis ment√©se k√∂zben: table news has no column named sentiment
2024-10-07 14:42:19,896 - ERROR - Hiba t√∂rt√©nt az adatb√°zis ment√©se k√∂zben: table news has no column named sentiment
2024-10-07 14:42:19,926 - ERROR - Hiba t√∂rt√©nt az adatb√°zis ment√©se k√∂zben: table news has no column named sentiment
2024-10-07 14:42:19,957 - ERROR - Hiba t√∂rt√©nt az adatb√°zis ment√©se k√∂zben: table news has no column named sentiment
2024-10-07 14:42:19,989 - ERROR - Hiba t√∂rt√©nt az adatb√°zis ment√©se k√∂zben: table news has no column named sentiment
2024-10-07 14:42:20,020 - ERROR - Hiba t√∂rt√©nt az adatb√°zis ment√©se k√∂zben: table news has no column named sentiment
2024-10-07 14:42:20,051 - ERROR - Hiba t√∂rt√©nt az adatb√°zis ment√©se k√∂zben: table news has no column named sentiment
2024-10-07 14:42:20,082 - ERROR - Hiba t√∂rt√©nt az adatb√°zis ment√©se k√∂zben: table news has no column named sentiment
2024-10-07 14:42:20,113 - ERROR - Hiba t√∂rt√©nt az adatb√°zis ment√©se k√∂zben: table news has no column named sentiment
2024-10-07 14:42:20,147 - ERROR - Hiba t√∂rt√©nt az adatb√°zis ment√©se k√∂zben: table news has no column named sentiment
2024-10-07 14:42:20,181 - ERROR - Hiba t√∂rt√©nt az adatb√°zis ment√©se k√∂zben: table news has no column named sentiment
2024-10-07 14:42:20,213 - ERROR - Hiba t√∂rt√©nt az adatb√°zis ment√©se k√∂zben: table news has no column named sentiment
2024-10-07 14:42:20,244 - ERROR - Hiba t√∂rt√©nt az adatb√°zis ment√©se k√∂zben: table news has no column named sentiment
2024-10-07 14:42:20,750 - ERROR - Hiba t√∂rt√©nt az adatb√°zis ment√©se k√∂zben: table news has no column named sentiment
2024-10-07 14:42:20,781 - ERROR - Hiba t√∂rt√©nt az adatb√°zis ment√©se k√∂zben: table news has no column named sentiment
2024-10-07 14:42:20,814 - ERROR - Hiba t√∂rt√©nt az adatb√°zis ment√©se k√∂zben: table news has no column named sentiment
2024-10-07 14:42:20,846 - ERROR - Hiba t√∂rt√©nt az adatb√°zis ment√©se k√∂zben: table news has no column named sentiment
2024-10-07 14:42:20,877 - ERROR - Hiba t√∂rt√©nt az adatb√°zis ment√©se k√∂zben: table news has no column named sentiment
2024-10-07 14:42:20,908 - ERROR - Hiba t√∂rt√©nt az adatb√°zis ment√©se k√∂zben: table news has no column named sentiment
2024-10-07 14:42:20,941 - ERROR - Hiba t√∂rt√©nt az adatb√°zis ment√©se k√∂zben: table news has no column named sentiment
2024-10-07 14:42:20,972 - ERROR - Hiba t√∂rt√©nt az adatb√°zis ment√©se k√∂zben: table news has no column named sentiment
2024-10-07 14:42:21,011 - ERROR - Hiba t√∂rt√©nt az adatb√°zis ment√©se k√∂zben: table news has no column named sentiment
2024-10-07 14:42:21,047 - ERROR - Hiba t√∂rt√©nt az adatb√°zis ment√©se k√∂zben: table news has no column named sentiment
2024-10-07 14:42:21,077 - ERROR - Hiba t√∂rt√©nt az adatb√°zis ment√©se k√∂zben: table news has no column named sentiment
2024-10-07 14:42:21,108 - ERROR - Hiba t√∂rt√©nt az adatb√°zis ment√©se k√∂zben: table news has no column named sentiment
2024-10-07 14:42:21,147 - ERROR - Hiba t√∂rt√©nt az adatb√°zis ment√©se k√∂zben: table news has no column named sentiment
2024-10-07 14:42:21,190 - ERROR - Hiba t√∂rt√©nt az adatb√°zis ment√©se k√∂zben: table news has no column named sentiment
2024-10-07 14:42:21,226 - ERROR - Hiba t√∂rt√©nt az adatb√°zis ment√©se k√∂zben: table news has no column named sentiment
2024-10-07 14:42:21,258 - ERROR - Hiba t√∂rt√©nt az adatb√°zis ment√©se k√∂zben: table news has no column named sentiment
2024-10-07 14:42:21,291 - ERROR - Hiba t√∂rt√©nt az adatb√°zis ment√©se k√∂zben: table news has no column named sentiment
2024-10-07 14:42:21,336 - ERROR - Hiba t√∂rt√©nt az adatb√°zis ment√©se k√∂zben: table news has no column named sentiment
2024-10-07 14:42:21,374 - ERROR - Hiba t√∂rt√©nt az adatb√°zis ment√©se k√∂zben: table news has no column named sentiment
2024-10-07 14:42:21,406 - ERROR - Hiba t√∂rt√©nt az adatb√°zis ment√©se k√∂zben: table news has no column named sentiment
2024-10-07 14:42:22,273 - ERROR - Hiba t√∂rt√©nt az adatb√°zis ment√©se k√∂zben: table news has no column named sentiment
2024-10-07 14:42:22,307 - ERROR - Hiba t√∂rt√©nt az adatb√°zis ment√©se k√∂zben: table news has no column named sentiment
2024-10-07 14:42:22,350 - ERROR - Hiba t√∂rt√©nt az adatb√°zis ment√©se k√∂zben: table news has no column named sentiment
2024-10-07 14:42:22,385 - ERROR - Hiba t√∂rt√©nt az adatb√°zis ment√©se k√∂zben: table news has no column named sentiment
2024-10-07 14:42:22,419 - ERROR - Hiba t√∂rt√©nt az adatb√°zis ment√©se k√∂zben: table news has no column named sentiment
2024-10-07 14:42:22,454 - ERROR - Hiba t√∂rt√©nt az adatb√°zis ment√©se k√∂zben: table news has no column named sentiment
2024-10-07 14:42:22,489 - ERROR - Hiba t√∂rt√©nt az adatb√°zis ment√©se k√∂zben: table news has no column named sentiment
2024-10-07 14:42:22,525 - ERROR - Hiba t√∂rt√©nt az adatb√°zis ment√©se k√∂zben: table news has no column named sentiment
2024-10-07 14:42:22,566 - ERROR - Hiba t√∂rt√©nt az adatb√°zis ment√©se k√∂zben: table news has no column named sentiment
2024-10-07 14:42:22,606 - ERROR - Hiba t√∂rt√©nt az adatb√°zis ment√©se k√∂zben: table news has no column named sentiment
2024-10-07 14:42:22,640 - ERROR - Hiba t√∂rt√©nt az adatb√°zis ment√©se k√∂zben: table news has no column named sentiment
2024-10-07 14:42:22,672 - ERROR - Hiba t√∂rt√©nt az adatb√°zis ment√©se k√∂zben: table news has no column named sentiment
2024-10-07 14:42:22,703 - ERROR - Hiba t√∂rt√©nt az adatb√°zis ment√©se k√∂zben: table news has no column named sentiment
2024-10-07 14:42:22,735 - ERROR - Hiba t√∂rt√©nt az adatb√°zis ment√©se k√∂zben: table news has no column named sentiment
2024-10-07 14:42:22,767 - ERROR - Hiba t√∂rt√©nt az adatb√°zis ment√©se k√∂zben: table news has no column named sentiment
2024-10-07 14:42:23,115 - ERROR - Hiba t√∂rt√©nt az adatb√°zis ment√©se k√∂zben: table news has no column named sentiment
2024-10-07 14:42:23,151 - ERROR - Hiba t√∂rt√©nt az adatb√°zis ment√©se k√∂zben: table news has no column named sentiment
2024-10-07 14:42:23,181 - ERROR - Hiba t√∂rt√©nt az adatb√°zis ment√©se k√∂zben: table news has no column named sentiment
2024-10-07 14:42:23,212 - ERROR - Hiba t√∂rt√©nt az adatb√°zis ment√©se k√∂zben: table news has no column named sentiment
2024-10-07 14:42:23,245 - ERROR - Hiba t√∂rt√©nt az adatb√°zis ment√©se k√∂zben: table news has no column named sentiment
2024-10-07 14:42:23,282 - ERROR - Hiba t√∂rt√©nt az adatb√°zis ment√©se k√∂zben: table news has no column named sentiment
2024-10-07 14:42:23,318 - ERROR - Hiba t√∂rt√©nt az adatb√°zis ment√©se k√∂zben: table news has no column named sentiment
2024-10-07 14:42:23,349 - ERROR - Hiba t√∂rt√©nt az adatb√°zis ment√©se k√∂zben: table news has no column named sentiment
2024-10-07 14:42:23,385 - ERROR - Hiba t√∂rt√©nt az adatb√°zis ment√©se k√∂zben: table news has no column named sentiment
2024-10-07 14:42:23,419 - ERROR - Hiba t√∂rt√©nt az adatb√°zis ment√©se k√∂zben: table news has no column named sentiment
2024-10-07 14:42:23,450 - ERROR - Hiba t√∂rt√©nt az adatb√°zis ment√©se k√∂zben: table news has no column named sentiment
2024-10-07 14:42:23,486 - ERROR - Hiba t√∂rt√©nt az adatb√°zis ment√©se k√∂zben: table news has no column named sentiment
2024-10-07 14:42:23,521 - ERROR - Hiba t√∂rt√©nt az adatb√°zis ment√©se k√∂zben: table news has no column named sentiment
2024-10-07 14:42:23,557 - ERROR - Hiba t√∂rt√©nt az adatb√°zis ment√©se k√∂zben: table news has no column named sentiment
2024-10-07 14:42:23,587 - ERROR - Hiba t√∂rt√©nt az adatb√°zis ment√©se k√∂zben: table news has no column named sentiment
2024-10-07 14:42:23,619 - ERROR - Hiba t√∂rt√©nt az adatb√°zis ment√©se k√∂zben: table news has no column named sentiment
2024-10-07 14:42:23,650 - ERROR - Hiba t√∂rt√©nt az adatb√°zis ment√©se k√∂zben: table news has no column named sentiment
2024-10-07 14:42:23,682 - ERROR - Hiba t√∂rt√©nt az adatb√°zis ment√©se k√∂zben: table news has no column named sentiment
2024-10-07 14:42:23,718 - ERROR - Hiba t√∂rt√©nt az adatb√°zis ment√©se k√∂zben: table news has no column named sentiment
2024-10-07 14:42:23,755 - ERROR - Hiba t√∂rt√©nt az adatb√°zis ment√©se k√∂zben: table news has no column named sentiment
2024-10-07 14:42:23,791 - ERROR - Hiba t√∂rt√©nt az adatb√°zis ment√©se k√∂zben: table news has no column named sentiment
2024-10-07 14:42:23,823 - ERROR - Hiba t√∂rt√©nt az adatb√°zis ment√©se k√∂zben: table news has no column named sentiment
2024-10-07 14:42:23,858 - ERROR - Hiba t√∂rt√©nt az adatb√°zis ment√©se k√∂zben: table news has no column named sentiment
2024-10-07 14:42:23,894 - ERROR - Hiba t√∂rt√©nt az adatb√°zis ment√©se k√∂zben: table news has no column named sentiment
2024-10-07 14:42:23,931 - ERROR - Hiba t√∂rt√©nt az adatb√°zis ment√©se k√∂zben: table news has no column named sentiment
2024-10-07 14:42:23,968 - ERROR - Hiba t√∂rt√©nt az adatb√°zis ment√©se k√∂zben: table news has no column named sentiment
2024-10-07 14:42:24,000 - ERROR - Hiba t√∂rt√©nt az adatb√°zis ment√©se k√∂zben: table news has no column named sentiment
2024-10-07 14:42:24,036 - ERROR - Hiba t√∂rt√©nt az adatb√°zis ment√©se k√∂zben: table news has no column named sentiment
2024-10-07 14:42:24,066 - ERROR - Hiba t√∂rt√©nt az adatb√°zis ment√©se k√∂zben: table news has no column named sentiment
2024-10-07 14:42:24,102 - ERROR - Hiba t√∂rt√©nt az adatb√°zis ment√©se k√∂zben: table news has no column named sentiment
2024-10-07 14:42:24,133 - ERROR - Hiba t√∂rt√©nt az adatb√°zis ment√©se k√∂zben: table news has no column named sentiment
2024-10-07 14:42:24,168 - ERROR - Hiba t√∂rt√©nt az adatb√°zis ment√©se k√∂zben: table news has no column named sentiment
2024-10-07 14:42:24,200 - ERROR - Hiba t√∂rt√©nt az adatb√°zis ment√©se k√∂zben: table news has no column named sentiment
2024-10-07 14:42:24,231 - ERROR - Hiba t√∂rt√©nt az adatb√°zis ment√©se k√∂zben: table news has no column named sentiment
2024-10-07 14:42:24,263 - ERROR - Hiba t√∂rt√©nt az adatb√°zis ment√©se k√∂zben: table news has no column named sentiment
2024-10-07 14:42:24,299 - ERROR - Hiba t√∂rt√©nt az adatb√°zis ment√©se k√∂zben: table news has no column named sentiment
2024-10-07 14:42:24,335 - ERROR - Hiba t√∂rt√©nt az adatb√°zis ment√©se k√∂zben: table news has no column named sentiment
2024-10-07 14:42:24,372 - ERROR - Hiba t√∂rt√©nt az adatb√°zis ment√©se k√∂zben: table news has no column named sentiment
2024-10-07 14:42:24,406 - ERROR - Hiba t√∂rt√©nt az adatb√°zis ment√©se k√∂zben: table news has no column named sentiment
2024-10-07 14:42:24,437 - ERROR - Hiba t√∂rt√©nt az adatb√°zis ment√©se k√∂zben: table news has no column named sentiment
2024-10-07 14:42:24,473 - ERROR - Hiba t√∂rt√©nt az adatb√°zis ment√©se k√∂zben: table news has no column named sentiment
2024-10-07 14:42:24,509 - ERROR - Hiba t√∂rt√©nt az adatb√°zis ment√©se k√∂zben: table news has no column named sentiment
2024-10-07 14:42:24,545 - ERROR - Hiba t√∂rt√©nt az adatb√°zis ment√©se k√∂zben: table news has no column named sentiment
2024-10-07 14:42:24,580 - ERROR - Hiba t√∂rt√©nt az adatb√°zis ment√©se k√∂zben: table news has no column named sentiment
2024-10-07 14:42:24,611 - ERROR - Hiba t√∂rt√©nt az adatb√°zis ment√©se k√∂zben: table news has no column named sentiment
2024-10-07 14:42:24,646 - ERROR - Hiba t√∂rt√©nt az adatb√°zis ment√©se k√∂zben: table news has no column named sentiment
2024-10-07 14:42:24,683 - ERROR - Hiba t√∂rt√©nt az adatb√°zis ment√©se k√∂zben: table news has no column named sentiment
2024-10-07 14:42:24,718 - ERROR - Hiba t√∂rt√©nt az adatb√°zis ment√©se k√∂zben: table news has no column named sentiment
2024-10-07 14:42:24,750 - ERROR - Hiba t√∂rt√©nt az adatb√°zis ment√©se k√∂zben: table news has no column named sentiment
2024-10-07 14:42:24,787 - ERROR - Hiba t√∂rt√©nt az adatb√°zis ment√©se k√∂zben: table news has no column named sentiment
2024-10-07 14:42:24,822 - ERROR - Hiba t√∂rt√©nt az adatb√°zis ment√©se k√∂zben: table news has no column named sentiment
2024-10-07 14:42:24,857 - ERROR - Hiba t√∂rt√©nt az adatb√°zis ment√©se k√∂zben: table news has no column named sentiment
2024-10-07 14:42:24,895 - ERROR - Hiba t√∂rt√©nt az adatb√°zis ment√©se k√∂zben: table news has no column named sentiment
2024-10-07 14:42:24,931 - ERROR - Hiba t√∂rt√©nt az adatb√°zis ment√©se k√∂zben: table news has no column named sentiment
2024-10-07 14:42:24,962 - ERROR - Hiba t√∂rt√©nt az adatb√°zis ment√©se k√∂zben: table news has no column named sentiment
2024-10-07 14:42:24,992 - ERROR - Hiba t√∂rt√©nt az adatb√°zis ment√©se k√∂zben: table news has no column named sentiment
2024-10-07 14:42:25,030 - ERROR - Hiba t√∂rt√©nt az adatb√°zis ment√©se k√∂zben: table news has no column named sentiment
2024-10-07 14:42:25,067 - ERROR - Hiba t√∂rt√©nt az adatb√°zis ment√©se k√∂zben: table news has no column named sentiment
2024-10-07 14:42:25,097 - ERROR - Hiba t√∂rt√©nt az adatb√°zis ment√©se k√∂zben: table news has no column named sentiment
2024-10-07 14:42:25,127 - ERROR - Hiba t√∂rt√©nt az adatb√°zis ment√©se k√∂zben: table news has no column named sentiment
2024-10-07 14:42:25,163 - ERROR - Hiba t√∂rt√©nt az adatb√°zis ment√©se k√∂zben: table news has no column named sentiment
2024-10-07 14:42:25,203 - ERROR - Hiba t√∂rt√©nt az adatb√°zis ment√©se k√∂zben: table news has no column named sentiment
2024-10-07 14:42:25,238 - ERROR - Hiba t√∂rt√©nt az adatb√°zis ment√©se k√∂zben: table news has no column named sentiment
2024-10-07 14:42:25,276 - ERROR - Hiba t√∂rt√©nt az adatb√°zis ment√©se k√∂zben: table news has no column named sentiment
2024-10-07 14:42:25,309 - ERROR - Hiba t√∂rt√©nt az adatb√°zis ment√©se k√∂zben: table news has no column named sentiment
2024-10-07 14:42:25,345 - ERROR - Hiba t√∂rt√©nt az adatb√°zis ment√©se k√∂zben: table news has no column named sentiment
2024-10-07 14:42:25,380 - ERROR - Hiba t√∂rt√©nt az adatb√°zis ment√©se k√∂zben: table news has no column named sentiment
2024-10-07 14:42:25,416 - ERROR - Hiba t√∂rt√©nt az adatb√°zis ment√©se k√∂zben: table news has no column named sentiment
2024-10-07 14:42:25,452 - ERROR - Hiba t√∂rt√©nt az adatb√°zis ment√©se k√∂zben: table news has no column named sentiment
2024-10-07 14:42:25,482 - ERROR - Hiba t√∂rt√©nt az adatb√°zis ment√©se k√∂zben: table news has no column named sentiment
2024-10-07 14:42:25,517 - ERROR - Hiba t√∂rt√©nt az adatb√°zis ment√©se k√∂zben: table news has no column named sentiment
2024-10-07 14:42:25,548 - ERROR - Hiba t√∂rt√©nt az adatb√°zis ment√©se k√∂zben: table news has no column named sentiment
2024-10-07 14:42:25,586 - ERROR - Hiba t√∂rt√©nt az adatb√°zis ment√©se k√∂zben: table news has no column named sentiment
2024-10-07 14:42:25,619 - ERROR - Hiba t√∂rt√©nt az adatb√°zis ment√©se k√∂zben: table news has no column named sentiment
2024-10-07 14:42:25,653 - ERROR - Hiba t√∂rt√©nt az adatb√°zis ment√©se k√∂zben: table news has no column named sentiment
2024-10-07 14:42:25,689 - ERROR - Hiba t√∂rt√©nt az adatb√°zis ment√©se k√∂zben: table news has no column named sentiment
2024-10-07 14:42:25,722 - ERROR - Hiba t√∂rt√©nt az adatb√°zis ment√©se k√∂zben: table news has no column named sentiment
2024-10-07 14:42:25,757 - ERROR - Hiba t√∂rt√©nt az adatb√°zis ment√©se k√∂zben: table news has no column named sentiment
2024-10-07 14:42:25,789 - ERROR - Hiba t√∂rt√©nt az adatb√°zis ment√©se k√∂zben: table news has no column named sentiment
2024-10-07 14:42:25,824 - ERROR - Hiba t√∂rt√©nt az adatb√°zis ment√©se k√∂zben: table news has no column named sentiment
2024-10-07 14:42:25,854 - ERROR - Hiba t√∂rt√©nt az adatb√°zis ment√©se k√∂zben: table news has no column named sentiment
2024-10-07 14:42:25,886 - ERROR - Hiba t√∂rt√©nt az adatb√°zis ment√©se k√∂zben: table news has no column named sentiment
2024-10-07 14:42:25,915 - ERROR - Hiba t√∂rt√©nt az adatb√°zis ment√©se k√∂zben: table news has no column named sentiment
2024-10-07 14:42:25,946 - ERROR - Hiba t√∂rt√©nt az adatb√°zis ment√©se k√∂zben: table news has no column named sentiment
2024-10-07 14:42:25,977 - ERROR - Hiba t√∂rt√©nt az adatb√°zis ment√©se k√∂zben: table news has no column named sentiment
2024-10-07 14:42:26,012 - ERROR - Hiba t√∂rt√©nt az adatb√°zis ment√©se k√∂zben: table news has no column named sentiment
2024-10-07 14:42:26,048 - ERROR - Hiba t√∂rt√©nt az adatb√°zis ment√©se k√∂zben: table news has no column named sentiment
2024-10-07 14:42:26,078 - ERROR - Hiba t√∂rt√©nt az adatb√°zis ment√©se k√∂zben: table news has no column named sentiment
2024-10-07 14:42:26,113 - ERROR - Hiba t√∂rt√©nt az adatb√°zis ment√©se k√∂zben: table news has no column named sentiment
2024-10-07 14:42:26,144 - ERROR - Hiba t√∂rt√©nt az adatb√°zis ment√©se k√∂zben: table news has no column named sentiment
2024-10-07 14:42:26,175 - ERROR - Hiba t√∂rt√©nt az adatb√°zis ment√©se k√∂zben: table news has no column named sentiment
2024-10-07 14:42:26,210 - ERROR - Hiba t√∂rt√©nt az adatb√°zis ment√©se k√∂zben: table news has no column named sentiment
2024-10-07 14:42:26,241 - ERROR - Hiba t√∂rt√©nt az adatb√°zis ment√©se k√∂zben: table news has no column named sentiment
2024-10-07 14:42:26,277 - ERROR - Hiba t√∂rt√©nt az adatb√°zis ment√©se k√∂zben: table news has no column named sentiment
2024-10-07 14:42:26,314 - ERROR - Hiba t√∂rt√©nt az adatb√°zis ment√©se k√∂zben: table news has no column named sentiment
2024-10-07 14:42:26,344 - ERROR - Hiba t√∂rt√©nt az adatb√°zis ment√©se k√∂zben: table news has no column named sentiment
2024-10-07 14:42:26,380 - ERROR - Hiba t√∂rt√©nt az adatb√°zis ment√©se k√∂zben: table news has no column named sentiment
2024-10-07 14:42:26,415 - ERROR - Hiba t√∂rt√©nt az adatb√°zis ment√©se k√∂zben: table news has no column named sentiment
2024-10-07 14:42:26,451 - ERROR - Hiba t√∂rt√©nt az adatb√°zis ment√©se k√∂zben: table news has no column named sentiment
2024-10-07 14:42:26,482 - ERROR - Hiba t√∂rt√©nt az adatb√°zis ment√©se k√∂zben: table news has no column named sentiment
2024-10-07 14:42:26,512 - ERROR - Hiba t√∂rt√©nt az adatb√°zis ment√©se k√∂zben: table news has no column named sentiment
2024-10-07 14:42:26,550 - ERROR - Hiba t√∂rt√©nt az adatb√°zis ment√©se k√∂zben: table news has no column named sentiment
2024-10-07 14:42:26,588 - ERROR - Hiba t√∂rt√©nt az adatb√°zis ment√©se k√∂zben: table news has no column named sentiment
2024-10-07 14:42:26,618 - ERROR - Hiba t√∂rt√©nt az adatb√°zis ment√©se k√∂zben: table news has no column named sentiment
2024-10-07 14:42:26,653 - ERROR - Hiba t√∂rt√©nt az adatb√°zis ment√©se k√∂zben: table news has no column named sentiment
2024-10-07 14:42:26,683 - ERROR - Hiba t√∂rt√©nt az adatb√°zis ment√©se k√∂zben: table news has no column named sentiment
2024-10-07 14:42:26,712 - ERROR - Hiba t√∂rt√©nt az adatb√°zis ment√©se k√∂zben: table news has no column named sentiment
2024-10-07 14:42:26,743 - ERROR - Hiba t√∂rt√©nt az adatb√°zis ment√©se k√∂zben: table news has no column named sentiment
2024-10-07 14:42:26,778 - ERROR - Hiba t√∂rt√©nt az adatb√°zis ment√©se k√∂zben: table news has no column named sentiment
2024-10-07 14:42:26,809 - ERROR - Hiba t√∂rt√©nt az adatb√°zis ment√©se k√∂zben: table news has no column named sentiment
2024-10-07 14:42:26,839 - ERROR - Hiba t√∂rt√©nt az adatb√°zis ment√©se k√∂zben: table news has no column named sentiment
2024-10-07 14:42:26,869 - ERROR - Hiba t√∂rt√©nt az adatb√°zis ment√©se k√∂zben: table news has no column named sentiment
2024-10-07 14:42:26,901 - ERROR - Hiba t√∂rt√©nt az adatb√°zis ment√©se k√∂zben: table news has no column named sentiment
2024-10-07 14:42:26,932 - ERROR - Hiba t√∂rt√©nt az adatb√°zis ment√©se k√∂zben: table news has no column named sentiment
2024-10-07 14:42:26,963 - ERROR - Hiba t√∂rt√©nt az adatb√°zis ment√©se k√∂zben: table news has no column named sentiment
2024-10-07 14:42:26,999 - ERROR - Hiba t√∂rt√©nt az adatb√°zis ment√©se k√∂zben: table news has no column named sentiment
2024-10-07 14:42:27,034 - ERROR - Hiba t√∂rt√©nt az adatb√°zis ment√©se k√∂zben: table news has no column named sentiment
2024-10-07 14:42:27,064 - ERROR - Hiba t√∂rt√©nt az adatb√°zis ment√©se k√∂zben: table news has no column named sentiment
2024-10-07 14:42:27,100 - ERROR - Hiba t√∂rt√©nt az adatb√°zis ment√©se k√∂zben: table news has no column named sentiment
2024-10-07 14:42:27,138 - ERROR - Hiba t√∂rt√©nt az adatb√°zis ment√©se k√∂zben: table news has no column named sentiment
2024-10-07 14:42:27,175 - ERROR - Hiba t√∂rt√©nt az adatb√°zis ment√©se k√∂zben: table news has no column named sentiment
2024-10-07 14:42:27,206 - ERROR - Hiba t√∂rt√©nt az adatb√°zis ment√©se k√∂zben: table news has no column named sentiment
2024-10-07 14:42:27,238 - ERROR - Hiba t√∂rt√©nt az adatb√°zis ment√©se k√∂zben: table news has no column named sentiment
2024-10-07 14:42:27,271 - ERROR - Hiba t√∂rt√©nt az adatb√°zis ment√©se k√∂zben: table news has no column named sentiment
2024-10-07 14:42:27,307 - ERROR - Hiba t√∂rt√©nt az adatb√°zis ment√©se k√∂zben: table news has no column named sentiment
2024-10-07 14:42:27,343 - ERROR - Hiba t√∂rt√©nt az adatb√°zis ment√©se k√∂zben: table news has no column named sentiment
2024-10-07 14:42:27,374 - ERROR - Hiba t√∂rt√©nt az adatb√°zis ment√©se k√∂zben: table news has no column named sentiment
2024-10-07 14:42:27,411 - ERROR - Hiba t√∂rt√©nt az adatb√°zis ment√©se k√∂zben: table news has no column named sentiment
2024-10-07 14:42:27,447 - ERROR - Hiba t√∂rt√©nt az adatb√°zis ment√©se k√∂zben: table news has no column named sentiment
2024-10-07 14:42:27,483 - ERROR - Hiba t√∂rt√©nt az adatb√°zis ment√©se k√∂zben: table news has no column named sentiment
2024-10-07 14:42:27,519 - ERROR - Hiba t√∂rt√©nt az adatb√°zis ment√©se k√∂zben: table news has no column named sentiment
2024-10-07 14:42:27,554 - ERROR - Hiba t√∂rt√©nt az adatb√°zis ment√©se k√∂zben: table news has no column named sentiment
2024-10-07 14:42:27,586 - ERROR - Hiba t√∂rt√©nt az adatb√°zis ment√©se k√∂zben: table news has no column named sentiment
2024-10-07 14:42:27,621 - ERROR - Hiba t√∂rt√©nt az adatb√°zis ment√©se k√∂zben: table news has no column named sentiment
2024-10-07 14:42:27,652 - ERROR - Hiba t√∂rt√©nt az adatb√°zis ment√©se k√∂zben: table news has no column named sentiment
2024-10-07 14:42:27,687 - ERROR - Hiba t√∂rt√©nt az adatb√°zis ment√©se k√∂zben: table news has no column named sentiment
2024-10-07 14:42:27,725 - ERROR - Hiba t√∂rt√©nt az adatb√°zis ment√©se k√∂zben: table news has no column named sentiment
2024-10-07 14:42:27,762 - ERROR - Hiba t√∂rt√©nt az adatb√°zis ment√©se k√∂zben: table news has no column named sentiment
2024-10-07 14:42:27,794 - ERROR - Hiba t√∂rt√©nt az adatb√°zis ment√©se k√∂zben: table news has no column named sentiment
2024-10-07 14:42:27,827 - ERROR - Hiba t√∂rt√©nt az adatb√°zis ment√©se k√∂zben: table news has no column named sentiment
2024-10-07 14:42:27,861 - ERROR - Hiba t√∂rt√©nt az adatb√°zis ment√©se k√∂zben: table news has no column named sentiment
2024-10-07 14:42:27,894 - ERROR - Hiba t√∂rt√©nt az adatb√°zis ment√©se k√∂zben: table news has no column named sentiment
2024-10-07 14:42:27,925 - ERROR - Hiba t√∂rt√©nt az adatb√°zis ment√©se k√∂zben: table news has no column named sentiment
2024-10-07 14:42:27,961 - ERROR - Hiba t√∂rt√©nt az adatb√°zis ment√©se k√∂zben: table news has no column named sentiment
2024-10-07 14:42:27,995 - ERROR - Hiba t√∂rt√©nt az adatb√°zis ment√©se k√∂zben: table news has no column named sentiment
2024-10-07 14:42:28,027 - ERROR - Hiba t√∂rt√©nt az adatb√°zis ment√©se k√∂zben: table news has no column named sentiment
2024-10-07 14:42:28,062 - ERROR - Hiba t√∂rt√©nt az adatb√°zis ment√©se k√∂zben: table news has no column named sentiment
